2026-02-13T01:16:18.364+08:00  INFO 20936 --- [main] c.r.ai.AiCustomerServiceApplication      : Starting AiCustomerServiceApplication using Java 17.0.18 with PID 20936 (D:\project\renewableJava\backend\target\classes started by Administrator in D:\project\renewableJava\backend)
2026-02-13T01:16:18.367+08:00 DEBUG 20936 --- [main] c.r.ai.AiCustomerServiceApplication      : Running with Spring Boot v3.0.5, Spring v6.0.7
2026-02-13T01:16:18.368+08:00  INFO 20936 --- [main] c.r.ai.AiCustomerServiceApplication      : The following 1 profile is active: "local"
2026-02-13T01:16:19.498+08:00  INFO 20936 --- [main] .s.d.r.c.RepositoryConfigurationDelegate : Bootstrapping Spring Data JPA repositories in DEFAULT mode.
2026-02-13T01:16:19.565+08:00  INFO 20936 --- [main] .s.d.r.c.RepositoryConfigurationDelegate : Finished Spring Data repository scanning in 60 ms. Found 9 JPA repository interfaces.
2026-02-13T01:16:20.179+08:00  INFO 20936 --- [main] o.s.b.w.embedded.tomcat.TomcatWebServer  : Tomcat initialized with port(s): 8080 (http)
2026-02-13T01:16:20.197+08:00  INFO 20936 --- [main] o.apache.catalina.core.StandardService   : Starting service [Tomcat]
2026-02-13T01:16:20.197+08:00  INFO 20936 --- [main] o.apache.catalina.core.StandardEngine    : Starting Servlet engine: [Apache Tomcat/10.1.7]
2026-02-13T01:16:20.328+08:00  INFO 20936 --- [main] o.a.c.c.C.[Tomcat].[localhost].[/]       : Initializing Spring embedded WebApplicationContext
2026-02-13T01:16:20.329+08:00  INFO 20936 --- [main] w.s.c.ServletWebServerApplicationContext : Root WebApplicationContext: initialization completed in 1919 ms
2026-02-13T01:16:20.411+08:00  INFO 20936 --- [main] com.zaxxer.hikari.HikariDataSource       : HikariPool-1 - Starting...
2026-02-13T01:16:20.577+08:00  INFO 20936 --- [main] com.zaxxer.hikari.pool.HikariPool        : HikariPool-1 - Added connection conn0: url=jdbc:h2:mem:testdb user=SA
2026-02-13T01:16:20.579+08:00  INFO 20936 --- [main] com.zaxxer.hikari.HikariDataSource       : HikariPool-1 - Start completed.
2026-02-13T01:16:20.590+08:00  INFO 20936 --- [main] o.s.b.a.h2.H2ConsoleAutoConfiguration    : H2 console available at '/h2-console'. Database available at 'jdbc:h2:mem:testdb'
2026-02-13T01:16:20.758+08:00  INFO 20936 --- [main] o.hibernate.jpa.internal.util.LogHelper  : HHH000204: Processing PersistenceUnitInfo [name: default]
2026-02-13T01:16:20.807+08:00  INFO 20936 --- [main] org.hibernate.Version                    : HHH000412: Hibernate ORM core version 6.1.7.Final
2026-02-13T01:16:21.063+08:00  INFO 20936 --- [main] SQL dialect                              : HHH000400: Using dialect: org.hibernate.dialect.PostgreSQLDialect
2026-02-13T01:16:21.884+08:00  INFO 20936 --- [main] o.h.e.t.j.p.i.JtaPlatformInitiator       : HHH000490: Using JtaPlatform implementation: [org.hibernate.engine.transaction.jta.platform.internal.NoJtaPlatform]
2026-02-13T01:16:21.892+08:00  INFO 20936 --- [main] j.LocalContainerEntityManagerFactoryBean : Initialized JPA EntityManagerFactory for persistence unit 'default'
2026-02-13T01:16:22.551+08:00  WARN 20936 --- [main] ConfigServletWebServerApplicationContext : Exception encountered during context initialization - cancelling refresh attempt: org.springframework.beans.factory.BeanCreationException: Error creating bean with name 'orderController' defined in file [D:\project\renewableJava\backend\target\classes\com\renewable\ai\controller\OrderController.class]: Failed to instantiate [com.renewable.ai.controller.OrderController]: Constructor threw exception
2026-02-13T01:16:22.552+08:00  INFO 20936 --- [main] j.LocalContainerEntityManagerFactoryBean : Closing JPA EntityManagerFactory for persistence unit 'default'
2026-02-13T01:16:22.554+08:00  INFO 20936 --- [main] com.zaxxer.hikari.HikariDataSource       : HikariPool-1 - Shutdown initiated...
2026-02-13T01:16:22.556+08:00  INFO 20936 --- [main] com.zaxxer.hikari.HikariDataSource       : HikariPool-1 - Shutdown completed.
2026-02-13T01:16:22.557+08:00  INFO 20936 --- [main] o.apache.catalina.core.StandardService   : Stopping service [Tomcat]
2026-02-13T01:16:22.572+08:00  INFO 20936 --- [main] .s.b.a.l.ConditionEvaluationReportLogger : 

Error starting ApplicationContext. To display the condition evaluation report re-run your application with 'debug' enabled.
2026-02-13T01:16:22.587+08:00 ERROR 20936 --- [main] o.s.boot.SpringApplication               : Application run failed

org.springframework.beans.factory.BeanCreationException: Error creating bean with name 'orderController' defined in file [D:\project\renewableJava\backend\target\classes\com\renewable\ai\controller\OrderController.class]: Failed to instantiate [com.renewable.ai.controller.OrderController]: Constructor threw exception
	at org.springframework.beans.factory.support.AbstractAutowireCapableBeanFactory.instantiateBean(AbstractAutowireCapableBeanFactory.java:1314)
	at org.springframework.beans.factory.support.AbstractAutowireCapableBeanFactory.createBeanInstance(AbstractAutowireCapableBeanFactory.java:1199)
	at org.springframework.beans.factory.support.AbstractAutowireCapableBeanFactory.doCreateBean(AbstractAutowireCapableBeanFactory.java:560)
	at org.springframework.beans.factory.support.AbstractAutowireCapableBeanFactory.createBean(AbstractAutowireCapableBeanFactory.java:520)
	at org.springframework.beans.factory.support.AbstractBeanFactory.lambda$doGetBean$0(AbstractBeanFactory.java:326)
	at org.springframework.beans.factory.support.DefaultSingletonBeanRegistry.getSingleton(DefaultSingletonBeanRegistry.java:234)
	at org.springframework.beans.factory.support.AbstractBeanFactory.doGetBean(AbstractBeanFactory.java:324)
	at org.springframework.beans.factory.support.AbstractBeanFactory.getBean(AbstractBeanFactory.java:200)
	at org.springframework.beans.factory.support.DefaultListableBeanFactory.preInstantiateSingletons(DefaultListableBeanFactory.java:973)
	at org.springframework.context.support.AbstractApplicationContext.finishBeanFactoryInitialization(AbstractApplicationContext.java:917)
	at org.springframework.context.support.AbstractApplicationContext.refresh(AbstractApplicationContext.java:584)
	at org.springframework.boot.web.servlet.context.ServletWebServerApplicationContext.refresh(ServletWebServerApplicationContext.java:146)
	at org.springframework.boot.SpringApplication.refresh(SpringApplication.java:732)
	at org.springframework.boot.SpringApplication.refreshContext(SpringApplication.java:434)
	at org.springframework.boot.SpringApplication.run(SpringApplication.java:310)
	at org.springframework.boot.SpringApplication.run(SpringApplication.java:1304)
	at org.springframework.boot.SpringApplication.run(SpringApplication.java:1293)
	at com.renewable.ai.AiCustomerServiceApplication.main(AiCustomerServiceApplication.java:10)
Caused by: org.springframework.beans.BeanInstantiationException: Failed to instantiate [com.renewable.ai.controller.OrderController]: Constructor threw exception
	at org.springframework.beans.BeanUtils.instantiateClass(BeanUtils.java:224)
	at org.springframework.beans.factory.support.SimpleInstantiationStrategy.instantiate(SimpleInstantiationStrategy.java:87)
	at org.springframework.beans.factory.support.AbstractAutowireCapableBeanFactory.instantiateBean(AbstractAutowireCapableBeanFactory.java:1308)
	... 17 common frames omitted
Caused by: java.lang.Error: Unresolved compilation problem: 
	Syntax error on token "}", delete this token

	at com.renewable.ai.controller.OrderController.<init>(OrderController.java:50)
	at java.base/jdk.internal.reflect.NativeConstructorAccessorImpl.newInstance0(Native Method)
	at java.base/jdk.internal.reflect.NativeConstructorAccessorImpl.newInstance(NativeConstructorAccessorImpl.java:77)
	at java.base/jdk.internal.reflect.DelegatingConstructorAccessorImpl.newInstance(DelegatingConstructorAccessorImpl.java:45)
	at java.base/java.lang.reflect.Constructor.newInstanceWithCaller(Constructor.java:500)
	at java.base/java.lang.reflect.Constructor.newInstance(Constructor.java:481)
	at org.springframework.beans.BeanUtils.instantiateClass(BeanUtils.java:198)
	... 19 common frames omitted

2026-02-13T01:16:43.695+08:00  INFO 1088 --- [main] c.r.ai.AiCustomerServiceApplication      : Starting AiCustomerServiceApplication using Java 17.0.18 with PID 1088 (D:\project\renewableJava\backend\target\classes started by Administrator in D:\project\renewableJava\backend)
2026-02-13T01:16:43.698+08:00 DEBUG 1088 --- [main] c.r.ai.AiCustomerServiceApplication      : Running with Spring Boot v3.0.5, Spring v6.0.7
2026-02-13T01:16:43.699+08:00  INFO 1088 --- [main] c.r.ai.AiCustomerServiceApplication      : The following 1 profile is active: "local"
2026-02-13T01:16:44.562+08:00  INFO 1088 --- [main] .s.d.r.c.RepositoryConfigurationDelegate : Bootstrapping Spring Data JPA repositories in DEFAULT mode.
2026-02-13T01:16:44.625+08:00  INFO 1088 --- [main] .s.d.r.c.RepositoryConfigurationDelegate : Finished Spring Data repository scanning in 56 ms. Found 9 JPA repository interfaces.
2026-02-13T01:16:45.229+08:00  INFO 1088 --- [main] o.s.b.w.embedded.tomcat.TomcatWebServer  : Tomcat initialized with port(s): 8080 (http)
2026-02-13T01:16:45.238+08:00  INFO 1088 --- [main] o.apache.catalina.core.StandardService   : Starting service [Tomcat]
2026-02-13T01:16:45.239+08:00  INFO 1088 --- [main] o.apache.catalina.core.StandardEngine    : Starting Servlet engine: [Apache Tomcat/10.1.7]
2026-02-13T01:16:45.357+08:00  INFO 1088 --- [main] o.a.c.c.C.[Tomcat].[localhost].[/]       : Initializing Spring embedded WebApplicationContext
2026-02-13T01:16:45.357+08:00  INFO 1088 --- [main] w.s.c.ServletWebServerApplicationContext : Root WebApplicationContext: initialization completed in 1600 ms
2026-02-13T01:16:45.440+08:00  INFO 1088 --- [main] com.zaxxer.hikari.HikariDataSource       : HikariPool-1 - Starting...
2026-02-13T01:16:45.600+08:00  INFO 1088 --- [main] com.zaxxer.hikari.pool.HikariPool        : HikariPool-1 - Added connection conn0: url=jdbc:h2:mem:testdb user=SA
2026-02-13T01:16:45.602+08:00  INFO 1088 --- [main] com.zaxxer.hikari.HikariDataSource       : HikariPool-1 - Start completed.
2026-02-13T01:16:45.611+08:00  INFO 1088 --- [main] o.s.b.a.h2.H2ConsoleAutoConfiguration    : H2 console available at '/h2-console'. Database available at 'jdbc:h2:mem:testdb'
2026-02-13T01:16:45.754+08:00  INFO 1088 --- [main] o.hibernate.jpa.internal.util.LogHelper  : HHH000204: Processing PersistenceUnitInfo [name: default]
2026-02-13T01:16:45.815+08:00  INFO 1088 --- [main] org.hibernate.Version                    : HHH000412: Hibernate ORM core version 6.1.7.Final
2026-02-13T01:16:46.083+08:00  INFO 1088 --- [main] SQL dialect                              : HHH000400: Using dialect: org.hibernate.dialect.PostgreSQLDialect
2026-02-13T01:16:46.921+08:00  INFO 1088 --- [main] o.h.e.t.j.p.i.JtaPlatformInitiator       : HHH000490: Using JtaPlatform implementation: [org.hibernate.engine.transaction.jta.platform.internal.NoJtaPlatform]
2026-02-13T01:16:46.931+08:00  INFO 1088 --- [main] j.LocalContainerEntityManagerFactoryBean : Initialized JPA EntityManagerFactory for persistence unit 'default'
2026-02-13T01:16:47.602+08:00  WARN 1088 --- [main] ConfigServletWebServerApplicationContext : Exception encountered during context initialization - cancelling refresh attempt: org.springframework.beans.factory.BeanCreationException: Error creating bean with name 'orderController' defined in file [D:\project\renewableJava\backend\target\classes\com\renewable\ai\controller\OrderController.class]: Failed to instantiate [com.renewable.ai.controller.OrderController]: Constructor threw exception
2026-02-13T01:16:47.603+08:00  INFO 1088 --- [main] j.LocalContainerEntityManagerFactoryBean : Closing JPA EntityManagerFactory for persistence unit 'default'
2026-02-13T01:16:47.605+08:00  INFO 1088 --- [main] com.zaxxer.hikari.HikariDataSource       : HikariPool-1 - Shutdown initiated...
2026-02-13T01:16:47.607+08:00  INFO 1088 --- [main] com.zaxxer.hikari.HikariDataSource       : HikariPool-1 - Shutdown completed.
2026-02-13T01:16:47.608+08:00  INFO 1088 --- [main] o.apache.catalina.core.StandardService   : Stopping service [Tomcat]
2026-02-13T01:16:47.624+08:00  INFO 1088 --- [main] .s.b.a.l.ConditionEvaluationReportLogger : 

Error starting ApplicationContext. To display the condition evaluation report re-run your application with 'debug' enabled.
2026-02-13T01:16:47.642+08:00 ERROR 1088 --- [main] o.s.boot.SpringApplication               : Application run failed

org.springframework.beans.factory.BeanCreationException: Error creating bean with name 'orderController' defined in file [D:\project\renewableJava\backend\target\classes\com\renewable\ai\controller\OrderController.class]: Failed to instantiate [com.renewable.ai.controller.OrderController]: Constructor threw exception
	at org.springframework.beans.factory.support.AbstractAutowireCapableBeanFactory.instantiateBean(AbstractAutowireCapableBeanFactory.java:1314)
	at org.springframework.beans.factory.support.AbstractAutowireCapableBeanFactory.createBeanInstance(AbstractAutowireCapableBeanFactory.java:1199)
	at org.springframework.beans.factory.support.AbstractAutowireCapableBeanFactory.doCreateBean(AbstractAutowireCapableBeanFactory.java:560)
	at org.springframework.beans.factory.support.AbstractAutowireCapableBeanFactory.createBean(AbstractAutowireCapableBeanFactory.java:520)
	at org.springframework.beans.factory.support.AbstractBeanFactory.lambda$doGetBean$0(AbstractBeanFactory.java:326)
	at org.springframework.beans.factory.support.DefaultSingletonBeanRegistry.getSingleton(DefaultSingletonBeanRegistry.java:234)
	at org.springframework.beans.factory.support.AbstractBeanFactory.doGetBean(AbstractBeanFactory.java:324)
	at org.springframework.beans.factory.support.AbstractBeanFactory.getBean(AbstractBeanFactory.java:200)
	at org.springframework.beans.factory.support.DefaultListableBeanFactory.preInstantiateSingletons(DefaultListableBeanFactory.java:973)
	at org.springframework.context.support.AbstractApplicationContext.finishBeanFactoryInitialization(AbstractApplicationContext.java:917)
	at org.springframework.context.support.AbstractApplicationContext.refresh(AbstractApplicationContext.java:584)
	at org.springframework.boot.web.servlet.context.ServletWebServerApplicationContext.refresh(ServletWebServerApplicationContext.java:146)
	at org.springframework.boot.SpringApplication.refresh(SpringApplication.java:732)
	at org.springframework.boot.SpringApplication.refreshContext(SpringApplication.java:434)
	at org.springframework.boot.SpringApplication.run(SpringApplication.java:310)
	at org.springframework.boot.SpringApplication.run(SpringApplication.java:1304)
	at org.springframework.boot.SpringApplication.run(SpringApplication.java:1293)
	at com.renewable.ai.AiCustomerServiceApplication.main(AiCustomerServiceApplication.java:10)
Caused by: org.springframework.beans.BeanInstantiationException: Failed to instantiate [com.renewable.ai.controller.OrderController]: Constructor threw exception
	at org.springframework.beans.BeanUtils.instantiateClass(BeanUtils.java:224)
	at org.springframework.beans.factory.support.SimpleInstantiationStrategy.instantiate(SimpleInstantiationStrategy.java:87)
	at org.springframework.beans.factory.support.AbstractAutowireCapableBeanFactory.instantiateBean(AbstractAutowireCapableBeanFactory.java:1308)
	... 17 common frames omitted
Caused by: java.lang.Error: Unresolved compilation problem: 
	Syntax error on token "}", delete this token

	at com.renewable.ai.controller.OrderController.<init>(OrderController.java:50)
	at java.base/jdk.internal.reflect.NativeConstructorAccessorImpl.newInstance0(Native Method)
	at java.base/jdk.internal.reflect.NativeConstructorAccessorImpl.newInstance(NativeConstructorAccessorImpl.java:77)
	at java.base/jdk.internal.reflect.DelegatingConstructorAccessorImpl.newInstance(DelegatingConstructorAccessorImpl.java:45)
	at java.base/java.lang.reflect.Constructor.newInstanceWithCaller(Constructor.java:500)
	at java.base/java.lang.reflect.Constructor.newInstance(Constructor.java:481)
	at org.springframework.beans.BeanUtils.instantiateClass(BeanUtils.java:198)
	... 19 common frames omitted

2026-02-13T01:19:07.565+08:00  INFO 16848 --- [main] c.r.ai.AiCustomerServiceApplication      : Starting AiCustomerServiceApplication using Java 17.0.18 with PID 16848 (D:\project\renewableJava\backend\target\classes started by Administrator in D:\project\renewableJava\backend)
2026-02-13T01:19:07.567+08:00 DEBUG 16848 --- [main] c.r.ai.AiCustomerServiceApplication      : Running with Spring Boot v3.0.5, Spring v6.0.7
2026-02-13T01:19:07.568+08:00  INFO 16848 --- [main] c.r.ai.AiCustomerServiceApplication      : The following 1 profile is active: "local"
2026-02-13T01:19:08.440+08:00  INFO 16848 --- [main] .s.d.r.c.RepositoryConfigurationDelegate : Bootstrapping Spring Data JPA repositories in DEFAULT mode.
2026-02-13T01:19:08.505+08:00  INFO 16848 --- [main] .s.d.r.c.RepositoryConfigurationDelegate : Finished Spring Data repository scanning in 59 ms. Found 9 JPA repository interfaces.
2026-02-13T01:19:09.095+08:00  INFO 16848 --- [main] o.s.b.w.embedded.tomcat.TomcatWebServer  : Tomcat initialized with port(s): 8080 (http)
2026-02-13T01:19:09.104+08:00  INFO 16848 --- [main] o.apache.catalina.core.StandardService   : Starting service [Tomcat]
2026-02-13T01:19:09.105+08:00  INFO 16848 --- [main] o.apache.catalina.core.StandardEngine    : Starting Servlet engine: [Apache Tomcat/10.1.7]
2026-02-13T01:19:09.192+08:00  INFO 16848 --- [main] o.a.c.c.C.[Tomcat].[localhost].[/]       : Initializing Spring embedded WebApplicationContext
2026-02-13T01:19:09.193+08:00  INFO 16848 --- [main] w.s.c.ServletWebServerApplicationContext : Root WebApplicationContext: initialization completed in 1580 ms
2026-02-13T01:19:09.271+08:00  INFO 16848 --- [main] com.zaxxer.hikari.HikariDataSource       : HikariPool-1 - Starting...
2026-02-13T01:19:09.443+08:00  INFO 16848 --- [main] com.zaxxer.hikari.pool.HikariPool        : HikariPool-1 - Added connection conn0: url=jdbc:h2:mem:testdb user=SA
2026-02-13T01:19:09.445+08:00  INFO 16848 --- [main] com.zaxxer.hikari.HikariDataSource       : HikariPool-1 - Start completed.
2026-02-13T01:19:09.454+08:00  INFO 16848 --- [main] o.s.b.a.h2.H2ConsoleAutoConfiguration    : H2 console available at '/h2-console'. Database available at 'jdbc:h2:mem:testdb'
2026-02-13T01:19:09.604+08:00  INFO 16848 --- [main] o.hibernate.jpa.internal.util.LogHelper  : HHH000204: Processing PersistenceUnitInfo [name: default]
2026-02-13T01:19:09.644+08:00  INFO 16848 --- [main] org.hibernate.Version                    : HHH000412: Hibernate ORM core version 6.1.7.Final
2026-02-13T01:19:09.888+08:00  INFO 16848 --- [main] SQL dialect                              : HHH000400: Using dialect: org.hibernate.dialect.PostgreSQLDialect
2026-02-13T01:19:10.683+08:00  INFO 16848 --- [main] o.h.e.t.j.p.i.JtaPlatformInitiator       : HHH000490: Using JtaPlatform implementation: [org.hibernate.engine.transaction.jta.platform.internal.NoJtaPlatform]
2026-02-13T01:19:10.691+08:00  INFO 16848 --- [main] j.LocalContainerEntityManagerFactoryBean : Initialized JPA EntityManagerFactory for persistence unit 'default'
2026-02-13T01:19:11.508+08:00  WARN 16848 --- [main] JpaBaseConfiguration$JpaWebConfiguration : spring.jpa.open-in-view is enabled by default. Therefore, database queries may be performed during view rendering. Explicitly configure spring.jpa.open-in-view to disable this warning
2026-02-13T01:19:11.936+08:00  INFO 16848 --- [main] o.s.b.a.e.web.EndpointLinksResolver      : Exposing 1 endpoint(s) beneath base path ''
2026-02-13T01:19:12.004+08:00  INFO 16848 --- [main] o.s.b.w.embedded.tomcat.TomcatWebServer  : Tomcat started on port(s): 8080 (http) with context path ''
2026-02-13T01:19:12.017+08:00  INFO 16848 --- [main] c.r.ai.AiCustomerServiceApplication      : Started AiCustomerServiceApplication in 4.942 seconds (process running for 5.296)
