2026-02-22T13:24:54.820+08:00  INFO 7180 --- [main] c.r.ai.AiCustomerServiceApplication      : Starting AiCustomerServiceApplication using Java 17.0.18 with PID 7180 (D:\project\renewableJava\backend\target\classes started by Administrator in D:\project\renewableJava\backend)
2026-02-22T13:24:54.835+08:00 DEBUG 7180 --- [main] c.r.ai.AiCustomerServiceApplication      : Running with Spring Boot v3.0.5, Spring v6.0.7
2026-02-22T13:24:54.836+08:00  INFO 7180 --- [main] c.r.ai.AiCustomerServiceApplication      : The following 1 profile is active: "local"
2026-02-22T13:24:56.283+08:00  INFO 7180 --- [main] .s.d.r.c.RepositoryConfigurationDelegate : Bootstrapping Spring Data JPA repositories in DEFAULT mode.
2026-02-22T13:24:56.442+08:00  INFO 7180 --- [main] .s.d.r.c.RepositoryConfigurationDelegate : Finished Spring Data repository scanning in 142 ms. Found 9 JPA repository interfaces.
2026-02-22T13:24:57.677+08:00  INFO 7180 --- [main] o.s.b.w.embedded.tomcat.TomcatWebServer  : Tomcat initialized with port(s): 8080 (http)
2026-02-22T13:24:57.698+08:00  INFO 7180 --- [main] o.apache.catalina.core.StandardService   : Starting service [Tomcat]
2026-02-22T13:24:57.698+08:00  INFO 7180 --- [main] o.apache.catalina.core.StandardEngine    : Starting Servlet engine: [Apache Tomcat/10.1.7]
2026-02-22T13:24:57.999+08:00  INFO 7180 --- [main] o.a.c.c.C.[Tomcat].[localhost].[/]       : Initializing Spring embedded WebApplicationContext
2026-02-22T13:24:58.000+08:00  INFO 7180 --- [main] w.s.c.ServletWebServerApplicationContext : Root WebApplicationContext: initialization completed in 3114 ms
2026-02-22T13:24:58.115+08:00  INFO 7180 --- [main] com.zaxxer.hikari.HikariDataSource       : HikariPool-1 - Starting...
2026-02-22T13:24:58.389+08:00  INFO 7180 --- [main] com.zaxxer.hikari.pool.HikariPool        : HikariPool-1 - Added connection conn0: url=jdbc:h2:mem:testdb user=SA
2026-02-22T13:24:58.394+08:00  INFO 7180 --- [main] com.zaxxer.hikari.HikariDataSource       : HikariPool-1 - Start completed.
2026-02-22T13:24:58.409+08:00  INFO 7180 --- [main] o.s.b.a.h2.H2ConsoleAutoConfiguration    : H2 console available at '/h2-console'. Database available at 'jdbc:h2:mem:testdb'
2026-02-22T13:24:58.639+08:00  INFO 7180 --- [main] o.hibernate.jpa.internal.util.LogHelper  : HHH000204: Processing PersistenceUnitInfo [name: default]
2026-02-22T13:24:58.710+08:00  INFO 7180 --- [main] org.hibernate.Version                    : HHH000412: Hibernate ORM core version 6.1.7.Final
2026-02-22T13:24:59.067+08:00  INFO 7180 --- [main] SQL dialect                              : HHH000400: Using dialect: org.hibernate.dialect.PostgreSQLDialect
2026-02-22T13:25:00.303+08:00  INFO 7180 --- [main] o.h.e.t.j.p.i.JtaPlatformInitiator       : HHH000490: Using JtaPlatform implementation: [org.hibernate.engine.transaction.jta.platform.internal.NoJtaPlatform]
2026-02-22T13:25:00.313+08:00  INFO 7180 --- [main] j.LocalContainerEntityManagerFactoryBean : Initialized JPA EntityManagerFactory for persistence unit 'default'
2026-02-22T13:25:01.692+08:00  WARN 7180 --- [main] JpaBaseConfiguration$JpaWebConfiguration : spring.jpa.open-in-view is enabled by default. Therefore, database queries may be performed during view rendering. Explicitly configure spring.jpa.open-in-view to disable this warning
2026-02-22T13:25:02.377+08:00  INFO 7180 --- [main] o.s.b.a.e.web.EndpointLinksResolver      : Exposing 1 endpoint(s) beneath base path ''
2026-02-22T13:25:02.650+08:00  INFO 7180 --- [main] o.s.b.w.embedded.tomcat.TomcatWebServer  : Tomcat started on port(s): 8080 (http) with context path ''
2026-02-22T13:25:02.666+08:00  INFO 7180 --- [main] c.r.ai.AiCustomerServiceApplication      : Started AiCustomerServiceApplication in 8.483 seconds (process running for 8.978)
2026-02-22T13:27:07.565+08:00  INFO 7180 --- [http-nio-8080-exec-1] o.a.c.c.C.[Tomcat].[localhost].[/]       : Initializing Spring DispatcherServlet 'dispatcherServlet'
2026-02-22T13:27:07.566+08:00  INFO 7180 --- [http-nio-8080-exec-1] o.s.web.servlet.DispatcherServlet        : Initializing Servlet 'dispatcherServlet'
2026-02-22T13:27:07.567+08:00  INFO 7180 --- [http-nio-8080-exec-1] o.s.web.servlet.DispatcherServlet        : Completed initialization in 0 ms
