2026-03-08T17:15:07.035+08:00  INFO 5868 --- [main] c.r.ai.AiCustomerServiceApplication      : Starting AiCustomerServiceApplication v0.0.1-SNAPSHOT using Java 17.0.12 with PID 5868 (E:\project\renewableJava\backend\target\ai-customer-service-0.0.1-SNAPSHOT.jar started by Administrator in E:\project\renewableJava\backend)
2026-03-08T17:15:07.051+08:00 DEBUG 5868 --- [main] c.r.ai.AiCustomerServiceApplication      : Running with Spring Boot v3.0.5, Spring v6.0.7
2026-03-08T17:15:07.052+08:00  INFO 5868 --- [main] c.r.ai.AiCustomerServiceApplication      : The following 1 profile is active: "local"
2026-03-08T17:15:07.442+08:00  WARN 5868 --- [main] ConfigServletWebServerApplicationContext : Exception encountered during context initialization - cancelling refresh attempt: org.springframework.beans.factory.BeanDefinitionStoreException: Failed to parse configuration class [com.renewable.ai.AiCustomerServiceApplication]
2026-03-08T17:15:07.858+08:00 ERROR 5868 --- [main] o.s.boot.SpringApplication               : Application run failed

org.springframework.beans.factory.BeanDefinitionStoreException: Failed to parse configuration class [com.renewable.ai.AiCustomerServiceApplication]
	at org.springframework.context.annotation.ConfigurationClassParser.parse(ConfigurationClassParser.java:178)
	at org.springframework.context.annotation.ConfigurationClassPostProcessor.processConfigBeanDefinitions(ConfigurationClassPostProcessor.java:398)
	at org.springframework.context.annotation.ConfigurationClassPostProcessor.postProcessBeanDefinitionRegistry(ConfigurationClassPostProcessor.java:283)
	at org.springframework.context.support.PostProcessorRegistrationDelegate.invokeBeanDefinitionRegistryPostProcessors(PostProcessorRegistrationDelegate.java:344)
	at org.springframework.context.support.PostProcessorRegistrationDelegate.invokeBeanFactoryPostProcessors(PostProcessorRegistrationDelegate.java:115)
	at org.springframework.context.support.AbstractApplicationContext.invokeBeanFactoryPostProcessors(AbstractApplicationContext.java:747)
	at org.springframework.context.support.AbstractApplicationContext.refresh(AbstractApplicationContext.java:565)
	at org.springframework.boot.web.servlet.context.ServletWebServerApplicationContext.refresh(ServletWebServerApplicationContext.java:146)
	at org.springframework.boot.SpringApplication.refresh(SpringApplication.java:732)
	at org.springframework.boot.SpringApplication.refreshContext(SpringApplication.java:434)
	at org.springframework.boot.SpringApplication.run(SpringApplication.java:310)
	at org.springframework.boot.SpringApplication.run(SpringApplication.java:1304)
	at org.springframework.boot.SpringApplication.run(SpringApplication.java:1293)
	at com.renewable.ai.AiCustomerServiceApplication.main(AiCustomerServiceApplication.java:10)
	at java.base/jdk.internal.reflect.NativeMethodAccessorImpl.invoke0(Native Method)
	at java.base/jdk.internal.reflect.NativeMethodAccessorImpl.invoke(NativeMethodAccessorImpl.java:77)
	at java.base/jdk.internal.reflect.DelegatingMethodAccessorImpl.invoke(DelegatingMethodAccessorImpl.java:43)
	at java.base/java.lang.reflect.Method.invoke(Method.java:568)
	at org.springframework.boot.loader.MainMethodRunner.run(MainMethodRunner.java:49)
	at org.springframework.boot.loader.Launcher.launch(Launcher.java:95)
	at org.springframework.boot.loader.Launcher.launch(Launcher.java:58)
	at org.springframework.boot.loader.JarLauncher.main(JarLauncher.java:65)
Caused by: org.springframework.context.annotation.ConflictingBeanDefinitionException: Annotation-specified bean name 'globalExceptionHandler' for bean class [com.renewable.ai.exception.GlobalExceptionHandler] conflicts with existing, non-compatible bean definition of same name and class [com.renewable.ai.common.GlobalExceptionHandler]
	at org.springframework.context.annotation.ClassPathBeanDefinitionScanner.checkCandidate(ClassPathBeanDefinitionScanner.java:349)
	at org.springframework.context.annotation.ClassPathBeanDefinitionScanner.doScan(ClassPathBeanDefinitionScanner.java:287)
	at org.springframework.context.annotation.ComponentScanAnnotationParser.parse(ComponentScanAnnotationParser.java:128)
	at org.springframework.context.annotation.ConfigurationClassParser.doProcessConfigurationClass(ConfigurationClassParser.java:289)
	at org.springframework.context.annotation.ConfigurationClassParser.processConfigurationClass(ConfigurationClassParser.java:243)
	at org.springframework.context.annotation.ConfigurationClassParser.parse(ConfigurationClassParser.java:196)
	at org.springframework.context.annotation.ConfigurationClassParser.parse(ConfigurationClassParser.java:164)
	... 21 common frames omitted

2026-03-08T17:20:53.716+08:00  INFO 8228 --- [main] c.r.ai.AiCustomerServiceApplication      : Starting AiCustomerServiceApplication v0.0.1-SNAPSHOT using Java 17.0.12 with PID 8228 (E:\project\renewableJava\backend\target\ai-customer-service-0.0.1-SNAPSHOT.jar started by Administrator in E:\project\renewableJava\backend)
2026-03-08T17:20:53.723+08:00 DEBUG 8228 --- [main] c.r.ai.AiCustomerServiceApplication      : Running with Spring Boot v3.0.5, Spring v6.0.7
2026-03-08T17:20:53.726+08:00  INFO 8228 --- [main] c.r.ai.AiCustomerServiceApplication      : The following 1 profile is active: "local"
2026-03-08T17:20:56.683+08:00  INFO 8228 --- [main] .s.d.r.c.RepositoryConfigurationDelegate : Bootstrapping Spring Data JPA repositories in DEFAULT mode.
2026-03-08T17:20:56.848+08:00  INFO 8228 --- [main] .s.d.r.c.RepositoryConfigurationDelegate : Finished Spring Data repository scanning in 148 ms. Found 9 JPA repository interfaces.
2026-03-08T17:20:58.771+08:00  INFO 8228 --- [main] o.s.b.w.embedded.tomcat.TomcatWebServer  : Tomcat initialized with port(s): 8080 (http)
2026-03-08T17:20:58.809+08:00  INFO 8228 --- [main] o.apache.catalina.core.StandardService   : Starting service [Tomcat]
2026-03-08T17:20:58.810+08:00  INFO 8228 --- [main] o.apache.catalina.core.StandardEngine    : Starting Servlet engine: [Apache Tomcat/10.1.7]
2026-03-08T17:20:58.980+08:00  INFO 8228 --- [main] o.a.c.c.C.[Tomcat].[localhost].[/]       : Initializing Spring embedded WebApplicationContext
2026-03-08T17:20:58.981+08:00  INFO 8228 --- [main] w.s.c.ServletWebServerApplicationContext : Root WebApplicationContext: initialization completed in 5114 ms
2026-03-08T17:20:59.232+08:00  INFO 8228 --- [main] com.zaxxer.hikari.HikariDataSource       : HikariPool-1 - Starting...
2026-03-08T17:20:59.911+08:00  INFO 8228 --- [main] com.zaxxer.hikari.pool.HikariPool        : HikariPool-1 - Added connection conn0: url=jdbc:h2:mem:testdb user=SA
2026-03-08T17:20:59.915+08:00  INFO 8228 --- [main] com.zaxxer.hikari.HikariDataSource       : HikariPool-1 - Start completed.
2026-03-08T17:20:59.947+08:00  INFO 8228 --- [main] o.s.b.a.h2.H2ConsoleAutoConfiguration    : H2 console available at '/h2-console'. Database available at 'jdbc:h2:mem:testdb'
2026-03-08T17:21:00.538+08:00  INFO 8228 --- [main] o.hibernate.jpa.internal.util.LogHelper  : HHH000204: Processing PersistenceUnitInfo [name: default]
2026-03-08T17:21:00.683+08:00  INFO 8228 --- [main] org.hibernate.Version                    : HHH000412: Hibernate ORM core version 6.1.7.Final
2026-03-08T17:21:01.612+08:00  INFO 8228 --- [main] SQL dialect                              : HHH000400: Using dialect: org.hibernate.dialect.PostgreSQLDialect
2026-03-08T17:21:03.903+08:00  INFO 8228 --- [main] o.h.e.t.j.p.i.JtaPlatformInitiator       : HHH000490: Using JtaPlatform implementation: [org.hibernate.engine.transaction.jta.platform.internal.NoJtaPlatform]
2026-03-08T17:21:03.923+08:00  INFO 8228 --- [main] j.LocalContainerEntityManagerFactoryBean : Initialized JPA EntityManagerFactory for persistence unit 'default'
2026-03-08T17:21:06.745+08:00  WARN 8228 --- [main] JpaBaseConfiguration$JpaWebConfiguration : spring.jpa.open-in-view is enabled by default. Therefore, database queries may be performed during view rendering. Explicitly configure spring.jpa.open-in-view to disable this warning
2026-03-08T17:21:08.554+08:00  INFO 8228 --- [main] o.s.b.a.e.web.EndpointLinksResolver      : Exposing 1 endpoint(s) beneath base path ''
2026-03-08T17:21:08.814+08:00  INFO 8228 --- [main] o.s.b.w.embedded.tomcat.TomcatWebServer  : Tomcat started on port(s): 8080 (http) with context path ''
2026-03-08T17:21:08.859+08:00  INFO 8228 --- [main] c.r.ai.AiCustomerServiceApplication      : Started AiCustomerServiceApplication in 16.593 seconds (process running for 17.682)
2026-03-08T17:22:19.886+08:00  INFO 8228 --- [http-nio-8080-exec-1] o.a.c.c.C.[Tomcat].[localhost].[/]       : Initializing Spring DispatcherServlet 'dispatcherServlet'
2026-03-08T17:22:19.902+08:00  INFO 8228 --- [http-nio-8080-exec-1] o.s.web.servlet.DispatcherServlet        : Initializing Servlet 'dispatcherServlet'
2026-03-08T17:22:19.963+08:00  INFO 8228 --- [http-nio-8080-exec-1] o.s.web.servlet.DispatcherServlet        : Completed initialization in 13 ms
2026-03-08T17:31:09.100+08:00  INFO 12760 --- [main] c.r.ai.AiCustomerServiceApplication      : Starting AiCustomerServiceApplication v0.0.1-SNAPSHOT using Java 17.0.12 with PID 12760 (E:\project\renewableJava\backend\target\ai-customer-service-0.0.1-SNAPSHOT.jar started by Administrator in E:\project\renewableJava\backend)
2026-03-08T17:31:09.105+08:00 DEBUG 12760 --- [main] c.r.ai.AiCustomerServiceApplication      : Running with Spring Boot v3.0.5, Spring v6.0.7
2026-03-08T17:31:09.106+08:00  INFO 12760 --- [main] c.r.ai.AiCustomerServiceApplication      : The following 1 profile is active: "local"
2026-03-08T17:31:10.970+08:00  INFO 12760 --- [main] .s.d.r.c.RepositoryConfigurationDelegate : Bootstrapping Spring Data JPA repositories in DEFAULT mode.
2026-03-08T17:31:11.090+08:00  INFO 12760 --- [main] .s.d.r.c.RepositoryConfigurationDelegate : Finished Spring Data repository scanning in 103 ms. Found 10 JPA repository interfaces.
2026-03-08T17:31:12.289+08:00  INFO 12760 --- [main] o.s.b.w.embedded.tomcat.TomcatWebServer  : Tomcat initialized with port(s): 8080 (http)
2026-03-08T17:31:12.310+08:00  INFO 12760 --- [main] o.apache.catalina.core.StandardService   : Starting service [Tomcat]
2026-03-08T17:31:12.311+08:00  INFO 12760 --- [main] o.apache.catalina.core.StandardEngine    : Starting Servlet engine: [Apache Tomcat/10.1.7]
2026-03-08T17:31:12.452+08:00  INFO 12760 --- [main] o.a.c.c.C.[Tomcat].[localhost].[/]       : Initializing Spring embedded WebApplicationContext
2026-03-08T17:31:12.453+08:00  INFO 12760 --- [main] w.s.c.ServletWebServerApplicationContext : Root WebApplicationContext: initialization completed in 3275 ms
2026-03-08T17:31:12.635+08:00  INFO 12760 --- [main] com.zaxxer.hikari.HikariDataSource       : HikariPool-1 - Starting...
2026-03-08T17:31:13.116+08:00  INFO 12760 --- [main] com.zaxxer.hikari.pool.HikariPool        : HikariPool-1 - Added connection conn0: url=jdbc:h2:mem:testdb user=SA
2026-03-08T17:31:13.121+08:00  INFO 12760 --- [main] com.zaxxer.hikari.HikariDataSource       : HikariPool-1 - Start completed.
2026-03-08T17:31:13.145+08:00  INFO 12760 --- [main] o.s.b.a.h2.H2ConsoleAutoConfiguration    : H2 console available at '/h2-console'. Database available at 'jdbc:h2:mem:testdb'
2026-03-08T17:31:13.444+08:00  INFO 12760 --- [main] o.hibernate.jpa.internal.util.LogHelper  : HHH000204: Processing PersistenceUnitInfo [name: default]
2026-03-08T17:31:13.539+08:00  INFO 12760 --- [main] org.hibernate.Version                    : HHH000412: Hibernate ORM core version 6.1.7.Final
2026-03-08T17:31:14.070+08:00  INFO 12760 --- [main] SQL dialect                              : HHH000400: Using dialect: org.hibernate.dialect.PostgreSQLDialect
2026-03-08T17:31:15.514+08:00  INFO 12760 --- [main] o.h.e.t.j.p.i.JtaPlatformInitiator       : HHH000490: Using JtaPlatform implementation: [org.hibernate.engine.transaction.jta.platform.internal.NoJtaPlatform]
2026-03-08T17:31:15.526+08:00  INFO 12760 --- [main] j.LocalContainerEntityManagerFactoryBean : Initialized JPA EntityManagerFactory for persistence unit 'default'
2026-03-08T17:31:17.501+08:00  WARN 12760 --- [main] JpaBaseConfiguration$JpaWebConfiguration : spring.jpa.open-in-view is enabled by default. Therefore, database queries may be performed during view rendering. Explicitly configure spring.jpa.open-in-view to disable this warning
2026-03-08T17:31:18.609+08:00  INFO 12760 --- [main] o.s.b.a.e.web.EndpointLinksResolver      : Exposing 1 endpoint(s) beneath base path ''
2026-03-08T17:31:18.761+08:00  INFO 12760 --- [main] o.s.b.w.embedded.tomcat.TomcatWebServer  : Tomcat started on port(s): 8080 (http) with context path ''
2026-03-08T17:31:18.793+08:00  INFO 12760 --- [main] c.r.ai.AiCustomerServiceApplication      : Started AiCustomerServiceApplication in 10.569 seconds (process running for 11.297)
2026-03-08T17:45:40.108+08:00  INFO 12760 --- [http-nio-8080-exec-2] o.a.c.c.C.[Tomcat].[localhost].[/]       : Initializing Spring DispatcherServlet 'dispatcherServlet'
2026-03-08T17:45:40.110+08:00  INFO 12760 --- [http-nio-8080-exec-2] o.s.web.servlet.DispatcherServlet        : Initializing Servlet 'dispatcherServlet'
2026-03-08T17:45:40.114+08:00  INFO 12760 --- [http-nio-8080-exec-2] o.s.web.servlet.DispatcherServlet        : Completed initialization in 2 ms
2026-03-08T17:51:23.117+08:00  INFO 13536 --- [main] c.r.ai.AiCustomerServiceApplication      : Starting AiCustomerServiceApplication v0.0.1-SNAPSHOT using Java 17.0.12 with PID 13536 (E:\project\renewableJava\backend\target\ai-customer-service-0.0.1-SNAPSHOT.jar started by Administrator in E:\project\renewableJava\backend)
2026-03-08T17:51:23.122+08:00 DEBUG 13536 --- [main] c.r.ai.AiCustomerServiceApplication      : Running with Spring Boot v3.0.5, Spring v6.0.7
2026-03-08T17:51:23.123+08:00  INFO 13536 --- [main] c.r.ai.AiCustomerServiceApplication      : The following 1 profile is active: "local"
2026-03-08T17:51:24.957+08:00  INFO 13536 --- [main] .s.d.r.c.RepositoryConfigurationDelegate : Bootstrapping Spring Data JPA repositories in DEFAULT mode.
2026-03-08T17:51:25.097+08:00  INFO 13536 --- [main] .s.d.r.c.RepositoryConfigurationDelegate : Finished Spring Data repository scanning in 123 ms. Found 10 JPA repository interfaces.
2026-03-08T17:51:26.270+08:00  INFO 13536 --- [main] o.s.b.w.embedded.tomcat.TomcatWebServer  : Tomcat initialized with port(s): 8080 (http)
2026-03-08T17:51:26.291+08:00  INFO 13536 --- [main] o.apache.catalina.core.StandardService   : Starting service [Tomcat]
2026-03-08T17:51:26.292+08:00  INFO 13536 --- [main] o.apache.catalina.core.StandardEngine    : Starting Servlet engine: [Apache Tomcat/10.1.7]
2026-03-08T17:51:26.439+08:00  INFO 13536 --- [main] o.a.c.c.C.[Tomcat].[localhost].[/]       : Initializing Spring embedded WebApplicationContext
2026-03-08T17:51:26.440+08:00  INFO 13536 --- [main] w.s.c.ServletWebServerApplicationContext : Root WebApplicationContext: initialization completed in 3241 ms
2026-03-08T17:51:26.624+08:00  INFO 13536 --- [main] com.zaxxer.hikari.HikariDataSource       : HikariPool-1 - Starting...
2026-03-08T17:51:27.060+08:00  INFO 13536 --- [main] com.zaxxer.hikari.pool.HikariPool        : HikariPool-1 - Added connection conn0: url=jdbc:h2:mem:testdb user=SA
2026-03-08T17:51:27.064+08:00  INFO 13536 --- [main] com.zaxxer.hikari.HikariDataSource       : HikariPool-1 - Start completed.
2026-03-08T17:51:27.092+08:00  INFO 13536 --- [main] o.s.b.a.h2.H2ConsoleAutoConfiguration    : H2 console available at '/h2-console'. Database available at 'jdbc:h2:mem:testdb'
2026-03-08T17:51:27.372+08:00  INFO 13536 --- [main] o.hibernate.jpa.internal.util.LogHelper  : HHH000204: Processing PersistenceUnitInfo [name: default]
2026-03-08T17:51:27.457+08:00  INFO 13536 --- [main] org.hibernate.Version                    : HHH000412: Hibernate ORM core version 6.1.7.Final
2026-03-08T17:51:27.935+08:00  INFO 13536 --- [main] SQL dialect                              : HHH000400: Using dialect: org.hibernate.dialect.PostgreSQLDialect
2026-03-08T17:51:29.493+08:00  INFO 13536 --- [main] o.h.e.t.j.p.i.JtaPlatformInitiator       : HHH000490: Using JtaPlatform implementation: [org.hibernate.engine.transaction.jta.platform.internal.NoJtaPlatform]
2026-03-08T17:51:29.508+08:00  INFO 13536 --- [main] j.LocalContainerEntityManagerFactoryBean : Initialized JPA EntityManagerFactory for persistence unit 'default'
2026-03-08T17:51:31.406+08:00  WARN 13536 --- [main] JpaBaseConfiguration$JpaWebConfiguration : spring.jpa.open-in-view is enabled by default. Therefore, database queries may be performed during view rendering. Explicitly configure spring.jpa.open-in-view to disable this warning
2026-03-08T17:51:32.579+08:00  INFO 13536 --- [main] o.s.b.a.e.web.EndpointLinksResolver      : Exposing 1 endpoint(s) beneath base path ''
2026-03-08T17:51:32.742+08:00  INFO 13536 --- [main] o.s.b.w.embedded.tomcat.TomcatWebServer  : Tomcat started on port(s): 8080 (http) with context path ''
2026-03-08T17:51:32.775+08:00  INFO 13536 --- [main] c.r.ai.AiCustomerServiceApplication      : Started AiCustomerServiceApplication in 10.579 seconds (process running for 11.32)
2026-03-08T17:53:36.164+08:00  INFO 13536 --- [http-nio-8080-exec-2] o.a.c.c.C.[Tomcat].[localhost].[/]       : Initializing Spring DispatcherServlet 'dispatcherServlet'
2026-03-08T17:53:36.165+08:00  INFO 13536 --- [http-nio-8080-exec-2] o.s.web.servlet.DispatcherServlet        : Initializing Servlet 'dispatcherServlet'
2026-03-08T17:53:36.167+08:00  INFO 13536 --- [http-nio-8080-exec-2] o.s.web.servlet.DispatcherServlet        : Completed initialization in 2 ms
2026-03-08T19:04:43.648+08:00  INFO 16896 --- [main] c.r.ai.AiCustomerServiceApplication      : Starting AiCustomerServiceApplication using Java 17.0.12 with PID 16896 (E:\project\renewableJava\backend\target\classes started by Administrator in E:\project\renewableJava\backend)
2026-03-08T19:04:43.651+08:00 DEBUG 16896 --- [main] c.r.ai.AiCustomerServiceApplication      : Running with Spring Boot v3.0.5, Spring v6.0.7
2026-03-08T19:04:43.653+08:00  INFO 16896 --- [main] c.r.ai.AiCustomerServiceApplication      : No active profile set, falling back to 1 default profile: "default"
2026-03-08T19:04:44.895+08:00  INFO 16896 --- [main] .s.d.r.c.RepositoryConfigurationDelegate : Bootstrapping Spring Data JPA repositories in DEFAULT mode.
2026-03-08T19:04:44.992+08:00  INFO 16896 --- [main] .s.d.r.c.RepositoryConfigurationDelegate : Finished Spring Data repository scanning in 86 ms. Found 10 JPA repository interfaces.
2026-03-08T19:04:45.802+08:00  INFO 16896 --- [main] o.s.b.w.embedded.tomcat.TomcatWebServer  : Tomcat initialized with port(s): 8080 (http)
2026-03-08T19:04:45.818+08:00  INFO 16896 --- [main] o.apache.catalina.core.StandardService   : Starting service [Tomcat]
2026-03-08T19:04:45.819+08:00  INFO 16896 --- [main] o.apache.catalina.core.StandardEngine    : Starting Servlet engine: [Apache Tomcat/10.1.7]
2026-03-08T19:04:45.963+08:00  INFO 16896 --- [main] o.a.c.c.C.[Tomcat].[localhost].[/]       : Initializing Spring embedded WebApplicationContext
2026-03-08T19:04:45.964+08:00  INFO 16896 --- [main] w.s.c.ServletWebServerApplicationContext : Root WebApplicationContext: initialization completed in 2257 ms
2026-03-08T19:04:46.091+08:00  INFO 16896 --- [main] com.zaxxer.hikari.HikariDataSource       : HikariPool-1 - Starting...
2026-03-08T19:04:46.357+08:00  INFO 16896 --- [main] com.zaxxer.hikari.pool.HikariPool        : HikariPool-1 - Added connection conn0: url=jdbc:h2:mem:ai_customer_service user=SA
2026-03-08T19:04:46.359+08:00  INFO 16896 --- [main] com.zaxxer.hikari.HikariDataSource       : HikariPool-1 - Start completed.
2026-03-08T19:04:46.370+08:00  INFO 16896 --- [main] o.s.b.a.h2.H2ConsoleAutoConfiguration    : H2 console available at '/h2-console'. Database available at 'jdbc:h2:mem:ai_customer_service'
2026-03-08T19:04:46.548+08:00  INFO 16896 --- [main] o.hibernate.jpa.internal.util.LogHelper  : HHH000204: Processing PersistenceUnitInfo [name: default]
2026-03-08T19:04:46.596+08:00  INFO 16896 --- [main] org.hibernate.Version                    : HHH000412: Hibernate ORM core version 6.1.7.Final
2026-03-08T19:04:46.893+08:00  INFO 16896 --- [main] SQL dialect                              : HHH000400: Using dialect: org.hibernate.dialect.H2Dialect
2026-03-08T19:04:47.897+08:00  INFO 16896 --- [main] o.h.e.t.j.p.i.JtaPlatformInitiator       : HHH000490: Using JtaPlatform implementation: [org.hibernate.engine.transaction.jta.platform.internal.NoJtaPlatform]
2026-03-08T19:04:47.909+08:00  INFO 16896 --- [main] j.LocalContainerEntityManagerFactoryBean : Initialized JPA EntityManagerFactory for persistence unit 'default'
2026-03-08T19:04:48.920+08:00  WARN 16896 --- [main] JpaBaseConfiguration$JpaWebConfiguration : spring.jpa.open-in-view is enabled by default. Therefore, database queries may be performed during view rendering. Explicitly configure spring.jpa.open-in-view to disable this warning
2026-03-08T19:04:49.441+08:00  INFO 16896 --- [main] o.s.b.a.e.web.EndpointLinksResolver      : Exposing 1 endpoint(s) beneath base path ''
2026-03-08T19:04:49.553+08:00  INFO 16896 --- [main] o.s.b.w.embedded.tomcat.TomcatWebServer  : Tomcat started on port(s): 8080 (http) with context path ''
2026-03-08T19:04:49.574+08:00  INFO 16896 --- [main] c.r.ai.AiCustomerServiceApplication      : Started AiCustomerServiceApplication in 6.761 seconds (process running for 7.244)
2026-03-08T19:05:28.645+08:00  INFO 15856 --- [main] c.r.ai.AiCustomerServiceApplication      : Starting AiCustomerServiceApplication v0.0.1-SNAPSHOT using Java 17.0.12 with PID 15856 (E:\project\renewableJava\backend\target\ai-customer-service-0.0.1-SNAPSHOT.jar started by Administrator in E:\project\renewableJava\backend)
2026-03-08T19:05:28.648+08:00 DEBUG 15856 --- [main] c.r.ai.AiCustomerServiceApplication      : Running with Spring Boot v3.0.5, Spring v6.0.7
2026-03-08T19:05:28.650+08:00  INFO 15856 --- [main] c.r.ai.AiCustomerServiceApplication      : The following 1 profile is active: "local"
2026-03-08T19:05:30.936+08:00  INFO 15856 --- [main] .s.d.r.c.RepositoryConfigurationDelegate : Bootstrapping Spring Data JPA repositories in DEFAULT mode.
2026-03-08T19:05:31.095+08:00  INFO 15856 --- [main] .s.d.r.c.RepositoryConfigurationDelegate : Finished Spring Data repository scanning in 143 ms. Found 10 JPA repository interfaces.
2026-03-08T19:05:32.608+08:00  INFO 15856 --- [main] o.s.b.w.embedded.tomcat.TomcatWebServer  : Tomcat initialized with port(s): 8080 (http)
2026-03-08T19:05:32.632+08:00  INFO 15856 --- [main] o.apache.catalina.core.StandardService   : Starting service [Tomcat]
2026-03-08T19:05:32.634+08:00  INFO 15856 --- [main] o.apache.catalina.core.StandardEngine    : Starting Servlet engine: [Apache Tomcat/10.1.7]
2026-03-08T19:05:32.818+08:00  INFO 15856 --- [main] o.a.c.c.C.[Tomcat].[localhost].[/]       : Initializing Spring embedded WebApplicationContext
2026-03-08T19:05:32.822+08:00  INFO 15856 --- [main] w.s.c.ServletWebServerApplicationContext : Root WebApplicationContext: initialization completed in 4076 ms
2026-03-08T19:05:33.056+08:00  INFO 15856 --- [main] com.zaxxer.hikari.HikariDataSource       : HikariPool-1 - Starting...
2026-03-08T19:05:33.662+08:00  INFO 15856 --- [main] com.zaxxer.hikari.pool.HikariPool        : HikariPool-1 - Added connection conn0: url=jdbc:h2:mem:testdb user=SA
2026-03-08T19:05:33.667+08:00  INFO 15856 --- [main] com.zaxxer.hikari.HikariDataSource       : HikariPool-1 - Start completed.
2026-03-08T19:05:33.694+08:00  INFO 15856 --- [main] o.s.b.a.h2.H2ConsoleAutoConfiguration    : H2 console available at '/h2-console'. Database available at 'jdbc:h2:mem:testdb'
2026-03-08T19:05:34.044+08:00  INFO 15856 --- [main] o.hibernate.jpa.internal.util.LogHelper  : HHH000204: Processing PersistenceUnitInfo [name: default]
2026-03-08T19:05:34.144+08:00  INFO 15856 --- [main] org.hibernate.Version                    : HHH000412: Hibernate ORM core version 6.1.7.Final
2026-03-08T19:05:34.774+08:00  INFO 15856 --- [main] SQL dialect                              : HHH000400: Using dialect: org.hibernate.dialect.H2Dialect
2026-03-08T19:05:36.594+08:00  INFO 15856 --- [main] o.h.e.t.j.p.i.JtaPlatformInitiator       : HHH000490: Using JtaPlatform implementation: [org.hibernate.engine.transaction.jta.platform.internal.NoJtaPlatform]
2026-03-08T19:05:36.619+08:00  INFO 15856 --- [main] j.LocalContainerEntityManagerFactoryBean : Initialized JPA EntityManagerFactory for persistence unit 'default'
2026-03-08T19:05:38.995+08:00  WARN 15856 --- [main] JpaBaseConfiguration$JpaWebConfiguration : spring.jpa.open-in-view is enabled by default. Therefore, database queries may be performed during view rendering. Explicitly configure spring.jpa.open-in-view to disable this warning
2026-03-08T19:05:40.431+08:00  INFO 15856 --- [main] o.s.b.a.e.web.EndpointLinksResolver      : Exposing 1 endpoint(s) beneath base path ''
2026-03-08T19:05:40.561+08:00  WARN 15856 --- [main] ConfigServletWebServerApplicationContext : Exception encountered during context initialization - cancelling refresh attempt: org.springframework.context.ApplicationContextException: Failed to start bean 'webServerStartStop'
2026-03-08T19:05:40.567+08:00  INFO 15856 --- [main] j.LocalContainerEntityManagerFactoryBean : Closing JPA EntityManagerFactory for persistence unit 'default'
2026-03-08T19:05:40.572+08:00  INFO 15856 --- [main] com.zaxxer.hikari.HikariDataSource       : HikariPool-1 - Shutdown initiated...
2026-03-08T19:05:40.579+08:00  INFO 15856 --- [main] com.zaxxer.hikari.HikariDataSource       : HikariPool-1 - Shutdown completed.
2026-03-08T19:05:40.584+08:00  INFO 15856 --- [main] o.apache.catalina.core.StandardService   : Stopping service [Tomcat]
2026-03-08T19:05:40.738+08:00  INFO 15856 --- [main] .s.b.a.l.ConditionEvaluationReportLogger : 

Error starting ApplicationContext. To display the condition evaluation report re-run your application with 'debug' enabled.
2026-03-08T19:05:40.783+08:00 ERROR 15856 --- [main] o.s.b.d.LoggingFailureAnalysisReporter   : 

***************************
APPLICATION FAILED TO START
***************************

Description:

Web server failed to start. Port 8080 was already in use.

Action:

Identify and stop the process that's listening on port 8080 or configure this application to listen on another port.

2026-03-08T19:06:12.316+08:00  INFO 3212 --- [main] c.r.ai.AiCustomerServiceApplication      : Starting AiCustomerServiceApplication v0.0.1-SNAPSHOT using Java 17.0.12 with PID 3212 (E:\project\renewableJava\backend\target\ai-customer-service-0.0.1-SNAPSHOT.jar started by Administrator in E:\project\renewableJava\backend)
2026-03-08T19:06:12.322+08:00 DEBUG 3212 --- [main] c.r.ai.AiCustomerServiceApplication      : Running with Spring Boot v3.0.5, Spring v6.0.7
2026-03-08T19:06:12.324+08:00  INFO 3212 --- [main] c.r.ai.AiCustomerServiceApplication      : The following 1 profile is active: "local"
2026-03-08T19:06:15.009+08:00  INFO 3212 --- [main] .s.d.r.c.RepositoryConfigurationDelegate : Bootstrapping Spring Data JPA repositories in DEFAULT mode.
2026-03-08T19:06:15.156+08:00  INFO 3212 --- [main] .s.d.r.c.RepositoryConfigurationDelegate : Finished Spring Data repository scanning in 125 ms. Found 10 JPA repository interfaces.
2026-03-08T19:06:16.493+08:00  INFO 3212 --- [main] o.s.b.w.embedded.tomcat.TomcatWebServer  : Tomcat initialized with port(s): 8080 (http)
2026-03-08T19:06:16.513+08:00  INFO 3212 --- [main] o.apache.catalina.core.StandardService   : Starting service [Tomcat]
2026-03-08T19:06:16.514+08:00  INFO 3212 --- [main] o.apache.catalina.core.StandardEngine    : Starting Servlet engine: [Apache Tomcat/10.1.7]
2026-03-08T19:06:16.683+08:00  INFO 3212 --- [main] o.a.c.c.C.[Tomcat].[localhost].[/]       : Initializing Spring embedded WebApplicationContext
2026-03-08T19:06:16.684+08:00  INFO 3212 --- [main] w.s.c.ServletWebServerApplicationContext : Root WebApplicationContext: initialization completed in 4265 ms
2026-03-08T19:06:16.878+08:00  INFO 3212 --- [main] com.zaxxer.hikari.HikariDataSource       : HikariPool-1 - Starting...
2026-03-08T19:06:17.354+08:00  INFO 3212 --- [main] com.zaxxer.hikari.pool.HikariPool        : HikariPool-1 - Added connection conn0: url=jdbc:h2:mem:testdb user=SA
2026-03-08T19:06:17.374+08:00  INFO 3212 --- [main] com.zaxxer.hikari.HikariDataSource       : HikariPool-1 - Start completed.
2026-03-08T19:06:17.407+08:00  INFO 3212 --- [main] o.s.b.a.h2.H2ConsoleAutoConfiguration    : H2 console available at '/h2-console'. Database available at 'jdbc:h2:mem:testdb'
2026-03-08T19:06:17.790+08:00  INFO 3212 --- [main] o.hibernate.jpa.internal.util.LogHelper  : HHH000204: Processing PersistenceUnitInfo [name: default]
2026-03-08T19:06:17.904+08:00  INFO 3212 --- [main] org.hibernate.Version                    : HHH000412: Hibernate ORM core version 6.1.7.Final
2026-03-08T19:06:18.549+08:00  INFO 3212 --- [main] SQL dialect                              : HHH000400: Using dialect: org.hibernate.dialect.H2Dialect
2026-03-08T19:06:20.324+08:00  INFO 3212 --- [main] o.h.e.t.j.p.i.JtaPlatformInitiator       : HHH000490: Using JtaPlatform implementation: [org.hibernate.engine.transaction.jta.platform.internal.NoJtaPlatform]
2026-03-08T19:06:20.335+08:00  INFO 3212 --- [main] j.LocalContainerEntityManagerFactoryBean : Initialized JPA EntityManagerFactory for persistence unit 'default'
2026-03-08T19:06:22.864+08:00  WARN 3212 --- [main] JpaBaseConfiguration$JpaWebConfiguration : spring.jpa.open-in-view is enabled by default. Therefore, database queries may be performed during view rendering. Explicitly configure spring.jpa.open-in-view to disable this warning
2026-03-08T19:06:24.146+08:00  INFO 3212 --- [main] o.s.b.a.e.web.EndpointLinksResolver      : Exposing 1 endpoint(s) beneath base path ''
2026-03-08T19:06:24.321+08:00  INFO 3212 --- [main] o.s.b.w.embedded.tomcat.TomcatWebServer  : Tomcat started on port(s): 8080 (http) with context path ''
2026-03-08T19:06:24.361+08:00  INFO 3212 --- [main] c.r.ai.AiCustomerServiceApplication      : Started AiCustomerServiceApplication in 12.947 seconds (process running for 13.711)
2026-03-08T19:09:02.543+08:00  INFO 3212 --- [http-nio-8080-exec-1] o.a.c.c.C.[Tomcat].[localhost].[/]       : Initializing Spring DispatcherServlet 'dispatcherServlet'
2026-03-08T19:09:02.544+08:00  INFO 3212 --- [http-nio-8080-exec-1] o.s.web.servlet.DispatcherServlet        : Initializing Servlet 'dispatcherServlet'
2026-03-08T19:09:02.546+08:00  INFO 3212 --- [http-nio-8080-exec-1] o.s.web.servlet.DispatcherServlet        : Completed initialization in 2 ms
2026-03-08T19:12:08.879+08:00  INFO 17096 --- [main] c.r.ai.AiCustomerServiceApplication      : Starting AiCustomerServiceApplication using Java 17.0.12 with PID 17096 (E:\project\renewableJava\backend\target\classes started by Administrator in E:\project\renewableJava\backend)
2026-03-08T19:12:08.884+08:00 DEBUG 17096 --- [main] c.r.ai.AiCustomerServiceApplication      : Running with Spring Boot v3.0.5, Spring v6.0.7
2026-03-08T19:12:08.887+08:00  INFO 17096 --- [main] c.r.ai.AiCustomerServiceApplication      : No active profile set, falling back to 1 default profile: "default"
2026-03-08T19:12:11.138+08:00  INFO 17096 --- [main] .s.d.r.c.RepositoryConfigurationDelegate : Bootstrapping Spring Data JPA repositories in DEFAULT mode.
2026-03-08T19:12:11.288+08:00  INFO 17096 --- [main] .s.d.r.c.RepositoryConfigurationDelegate : Finished Spring Data repository scanning in 137 ms. Found 10 JPA repository interfaces.
2026-03-08T19:12:12.346+08:00  INFO 17096 --- [main] o.s.b.w.embedded.tomcat.TomcatWebServer  : Tomcat initialized with port(s): 8080 (http)
2026-03-08T19:12:12.363+08:00  INFO 17096 --- [main] o.apache.catalina.core.StandardService   : Starting service [Tomcat]
2026-03-08T19:12:12.364+08:00  INFO 17096 --- [main] o.apache.catalina.core.StandardEngine    : Starting Servlet engine: [Apache Tomcat/10.1.7]
2026-03-08T19:12:12.537+08:00  INFO 17096 --- [main] o.a.c.c.C.[Tomcat].[localhost].[/]       : Initializing Spring embedded WebApplicationContext
2026-03-08T19:12:12.538+08:00  INFO 17096 --- [main] w.s.c.ServletWebServerApplicationContext : Root WebApplicationContext: initialization completed in 3571 ms
2026-03-08T19:12:12.699+08:00  INFO 17096 --- [main] com.zaxxer.hikari.HikariDataSource       : HikariPool-1 - Starting...
2026-03-08T19:12:13.029+08:00  INFO 17096 --- [main] com.zaxxer.hikari.pool.HikariPool        : HikariPool-1 - Added connection conn0: url=jdbc:h2:mem:ai_customer_service user=SA
2026-03-08T19:12:13.033+08:00  INFO 17096 --- [main] com.zaxxer.hikari.HikariDataSource       : HikariPool-1 - Start completed.
2026-03-08T19:12:13.047+08:00  INFO 17096 --- [main] o.s.b.a.h2.H2ConsoleAutoConfiguration    : H2 console available at '/h2-console'. Database available at 'jdbc:h2:mem:ai_customer_service'
2026-03-08T19:12:13.324+08:00  INFO 17096 --- [main] o.hibernate.jpa.internal.util.LogHelper  : HHH000204: Processing PersistenceUnitInfo [name: default]
2026-03-08T19:12:13.405+08:00  INFO 17096 --- [main] org.hibernate.Version                    : HHH000412: Hibernate ORM core version 6.1.7.Final
2026-03-08T19:12:13.848+08:00  INFO 17096 --- [main] SQL dialect                              : HHH000400: Using dialect: org.hibernate.dialect.H2Dialect
2026-03-08T19:12:15.408+08:00  INFO 17096 --- [main] o.h.e.t.j.p.i.JtaPlatformInitiator       : HHH000490: Using JtaPlatform implementation: [org.hibernate.engine.transaction.jta.platform.internal.NoJtaPlatform]
2026-03-08T19:12:15.423+08:00  INFO 17096 --- [main] j.LocalContainerEntityManagerFactoryBean : Initialized JPA EntityManagerFactory for persistence unit 'default'
2026-03-08T19:12:17.036+08:00  WARN 17096 --- [main] JpaBaseConfiguration$JpaWebConfiguration : spring.jpa.open-in-view is enabled by default. Therefore, database queries may be performed during view rendering. Explicitly configure spring.jpa.open-in-view to disable this warning
2026-03-08T19:12:17.873+08:00  INFO 17096 --- [main] o.s.b.a.e.web.EndpointLinksResolver      : Exposing 1 endpoint(s) beneath base path ''
2026-03-08T19:12:18.147+08:00  INFO 17096 --- [main] o.s.b.w.embedded.tomcat.TomcatWebServer  : Tomcat started on port(s): 8080 (http) with context path ''
2026-03-08T19:12:18.204+08:00  INFO 17096 --- [main] c.r.ai.AiCustomerServiceApplication      : Started AiCustomerServiceApplication in 11.092 seconds (process running for 11.946)
2026-03-08T19:18:40.660+08:00  INFO 5176 --- [main] c.r.ai.AiCustomerServiceApplication      : Starting AiCustomerServiceApplication v0.0.1-SNAPSHOT using Java 17.0.12 with PID 5176 (E:\project\renewableJava\backend\target\ai-customer-service-0.0.1-SNAPSHOT.jar started by Administrator in E:\project\renewableJava\backend)
2026-03-08T19:18:40.666+08:00 DEBUG 5176 --- [main] c.r.ai.AiCustomerServiceApplication      : Running with Spring Boot v3.0.5, Spring v6.0.7
2026-03-08T19:18:40.668+08:00  INFO 5176 --- [main] c.r.ai.AiCustomerServiceApplication      : The following 1 profile is active: "local"
2026-03-08T19:18:43.233+08:00  INFO 5176 --- [main] .s.d.r.c.RepositoryConfigurationDelegate : Bootstrapping Spring Data JPA repositories in DEFAULT mode.
2026-03-08T19:18:43.477+08:00  INFO 5176 --- [main] .s.d.r.c.RepositoryConfigurationDelegate : Finished Spring Data repository scanning in 224 ms. Found 10 JPA repository interfaces.
2026-03-08T19:18:45.178+08:00  INFO 5176 --- [main] o.s.b.w.embedded.tomcat.TomcatWebServer  : Tomcat initialized with port(s): 8080 (http)
2026-03-08T19:18:45.209+08:00  INFO 5176 --- [main] o.apache.catalina.core.StandardService   : Starting service [Tomcat]
2026-03-08T19:18:45.210+08:00  INFO 5176 --- [main] o.apache.catalina.core.StandardEngine    : Starting Servlet engine: [Apache Tomcat/10.1.7]
2026-03-08T19:18:45.429+08:00  INFO 5176 --- [main] o.a.c.c.C.[Tomcat].[localhost].[/]       : Initializing Spring embedded WebApplicationContext
2026-03-08T19:18:45.433+08:00  INFO 5176 --- [main] w.s.c.ServletWebServerApplicationContext : Root WebApplicationContext: initialization completed in 4664 ms
2026-03-08T19:18:45.694+08:00  INFO 5176 --- [main] com.zaxxer.hikari.HikariDataSource       : HikariPool-1 - Starting...
2026-03-08T19:18:46.320+08:00  INFO 5176 --- [main] com.zaxxer.hikari.pool.HikariPool        : HikariPool-1 - Added connection conn0: url=jdbc:h2:mem:testdb user=SA
2026-03-08T19:18:46.325+08:00  INFO 5176 --- [main] com.zaxxer.hikari.HikariDataSource       : HikariPool-1 - Start completed.
2026-03-08T19:18:46.360+08:00  INFO 5176 --- [main] o.s.b.a.h2.H2ConsoleAutoConfiguration    : H2 console available at '/h2-console'. Database available at 'jdbc:h2:mem:testdb'
2026-03-08T19:18:46.748+08:00  INFO 5176 --- [main] o.hibernate.jpa.internal.util.LogHelper  : HHH000204: Processing PersistenceUnitInfo [name: default]
2026-03-08T19:18:46.862+08:00  INFO 5176 --- [main] org.hibernate.Version                    : HHH000412: Hibernate ORM core version 6.1.7.Final
2026-03-08T19:18:47.549+08:00  INFO 5176 --- [main] SQL dialect                              : HHH000400: Using dialect: org.hibernate.dialect.H2Dialect
2026-03-08T19:18:49.303+08:00  INFO 5176 --- [main] o.h.e.t.j.p.i.JtaPlatformInitiator       : HHH000490: Using JtaPlatform implementation: [org.hibernate.engine.transaction.jta.platform.internal.NoJtaPlatform]
2026-03-08T19:18:49.325+08:00  INFO 5176 --- [main] j.LocalContainerEntityManagerFactoryBean : Initialized JPA EntityManagerFactory for persistence unit 'default'
2026-03-08T19:18:51.964+08:00  WARN 5176 --- [main] JpaBaseConfiguration$JpaWebConfiguration : spring.jpa.open-in-view is enabled by default. Therefore, database queries may be performed during view rendering. Explicitly configure spring.jpa.open-in-view to disable this warning
2026-03-08T19:18:53.361+08:00  INFO 5176 --- [main] o.s.b.a.e.web.EndpointLinksResolver      : Exposing 1 endpoint(s) beneath base path ''
2026-03-08T19:18:53.503+08:00  WARN 5176 --- [main] ConfigServletWebServerApplicationContext : Exception encountered during context initialization - cancelling refresh attempt: org.springframework.context.ApplicationContextException: Failed to start bean 'webServerStartStop'
2026-03-08T19:18:53.514+08:00  INFO 5176 --- [main] j.LocalContainerEntityManagerFactoryBean : Closing JPA EntityManagerFactory for persistence unit 'default'
2026-03-08T19:18:53.523+08:00  INFO 5176 --- [main] com.zaxxer.hikari.HikariDataSource       : HikariPool-1 - Shutdown initiated...
2026-03-08T19:18:53.528+08:00  INFO 5176 --- [main] com.zaxxer.hikari.HikariDataSource       : HikariPool-1 - Shutdown completed.
2026-03-08T19:18:53.534+08:00  INFO 5176 --- [main] o.apache.catalina.core.StandardService   : Stopping service [Tomcat]
2026-03-08T19:18:53.606+08:00  INFO 5176 --- [main] .s.b.a.l.ConditionEvaluationReportLogger : 

Error starting ApplicationContext. To display the condition evaluation report re-run your application with 'debug' enabled.
2026-03-08T19:18:53.654+08:00 ERROR 5176 --- [main] o.s.b.d.LoggingFailureAnalysisReporter   : 

***************************
APPLICATION FAILED TO START
***************************

Description:

Web server failed to start. Port 8080 was already in use.

Action:

Identify and stop the process that's listening on port 8080 or configure this application to listen on another port.

2026-03-08T19:24:29.343+08:00  INFO 17096 --- [http-nio-8080-exec-1] o.a.c.c.C.[Tomcat].[localhost].[/]       : Initializing Spring DispatcherServlet 'dispatcherServlet'
2026-03-08T19:24:29.344+08:00  INFO 17096 --- [http-nio-8080-exec-1] o.s.web.servlet.DispatcherServlet        : Initializing Servlet 'dispatcherServlet'
2026-03-08T19:24:29.347+08:00  INFO 17096 --- [http-nio-8080-exec-1] o.s.web.servlet.DispatcherServlet        : Completed initialization in 3 ms
2026-03-08T19:25:24.967+08:00 ERROR 17096 --- [http-nio-8080-exec-10] o.apache.coyote.http11.Http11Processor   : Error processing request

java.io.UncheckedIOException: Cannot delete C:\Users\Administrator\AppData\Local\Temp\tomcat.8080.1081030582236785103\work\Tomcat\localhost\ROOT\upload_4df56ece_e83d_4d0d_a60e_530d639610ed_00000000.tmp
	at org.apache.tomcat.util.http.fileupload.disk.DiskFileItem.delete(DiskFileItem.java:429)
	at org.apache.catalina.core.ApplicationPart.delete(ApplicationPart.java:53)
	at org.apache.catalina.connector.Request.recycle(Request.java:445)
	at org.apache.catalina.connector.CoyoteAdapter.service(CoyoteAdapter.java:419)
	at org.apache.coyote.http11.Http11Processor.service(Http11Processor.java:390)
	at org.apache.coyote.AbstractProcessorLight.process(AbstractProcessorLight.java:63)
	at org.apache.coyote.AbstractProtocol$ConnectionHandler.process(AbstractProtocol.java:894)
	at org.apache.tomcat.util.net.NioEndpoint$SocketProcessor.doRun(NioEndpoint.java:1741)
	at org.apache.tomcat.util.net.SocketProcessorBase.run(SocketProcessorBase.java:52)
	at org.apache.tomcat.util.threads.ThreadPoolExecutor.runWorker(ThreadPoolExecutor.java:1191)
	at org.apache.tomcat.util.threads.ThreadPoolExecutor$Worker.run(ThreadPoolExecutor.java:659)
	at org.apache.tomcat.util.threads.TaskThread$WrappingRunnable.run(TaskThread.java:61)
	at java.base/java.lang.Thread.run(Thread.java:842)
Caused by: java.io.IOException: Cannot delete C:\Users\Administrator\AppData\Local\Temp\tomcat.8080.1081030582236785103\work\Tomcat\localhost\ROOT\upload_4df56ece_e83d_4d0d_a60e_530d639610ed_00000000.tmp
	... 13 common frames omitted

2026-03-08T19:25:24.972+08:00 ERROR 17096 --- [http-nio-8080-exec-10] o.a.coyote.http11.Http11NioProtocol      : Error reading request, ignored

java.io.UncheckedIOException: Cannot delete C:\Users\Administrator\AppData\Local\Temp\tomcat.8080.1081030582236785103\work\Tomcat\localhost\ROOT\upload_4df56ece_e83d_4d0d_a60e_530d639610ed_00000000.tmp
	at org.apache.tomcat.util.http.fileupload.disk.DiskFileItem.delete(DiskFileItem.java:429)
	at org.apache.catalina.core.ApplicationPart.delete(ApplicationPart.java:53)
	at org.apache.catalina.connector.Request.recycle(Request.java:445)
	at org.apache.catalina.connector.CoyoteAdapter.log(CoyoteAdapter.java:492)
	at org.apache.coyote.http11.Http11Processor.service(Http11Processor.java:420)
	at org.apache.coyote.AbstractProcessorLight.process(AbstractProcessorLight.java:63)
	at org.apache.coyote.AbstractProtocol$ConnectionHandler.process(AbstractProtocol.java:894)
	at org.apache.tomcat.util.net.NioEndpoint$SocketProcessor.doRun(NioEndpoint.java:1741)
	at org.apache.tomcat.util.net.SocketProcessorBase.run(SocketProcessorBase.java:52)
	at org.apache.tomcat.util.threads.ThreadPoolExecutor.runWorker(ThreadPoolExecutor.java:1191)
	at org.apache.tomcat.util.threads.ThreadPoolExecutor$Worker.run(ThreadPoolExecutor.java:659)
	at org.apache.tomcat.util.threads.TaskThread$WrappingRunnable.run(TaskThread.java:61)
	at java.base/java.lang.Thread.run(Thread.java:842)
Caused by: java.io.IOException: Cannot delete C:\Users\Administrator\AppData\Local\Temp\tomcat.8080.1081030582236785103\work\Tomcat\localhost\ROOT\upload_4df56ece_e83d_4d0d_a60e_530d639610ed_00000000.tmp
	... 13 common frames omitted

2026-03-08T19:25:24.976+08:00 ERROR 17096 --- [http-nio-8080-exec-10] org.apache.tomcat.util.net.NioEndpoint   : Error running socket processor

java.io.UncheckedIOException: Cannot delete C:\Users\Administrator\AppData\Local\Temp\tomcat.8080.1081030582236785103\work\Tomcat\localhost\ROOT\upload_4df56ece_e83d_4d0d_a60e_530d639610ed_00000000.tmp
	at org.apache.tomcat.util.http.fileupload.disk.DiskFileItem.delete(DiskFileItem.java:429)
	at org.apache.catalina.core.ApplicationPart.delete(ApplicationPart.java:53)
	at org.apache.catalina.connector.Request.recycle(Request.java:445)
	at org.apache.catalina.connector.CoyoteAdapter.log(CoyoteAdapter.java:492)
	at org.apache.catalina.connector.CoyoteAdapter.checkRecycled(CoyoteAdapter.java:515)
	at org.apache.coyote.http11.Http11Processor.recycle(Http11Processor.java:1416)
	at org.apache.coyote.AbstractProtocol$ConnectionHandler.release(AbstractProtocol.java:1083)
	at org.apache.coyote.AbstractProtocol$ConnectionHandler.process(AbstractProtocol.java:1058)
	at org.apache.tomcat.util.net.NioEndpoint$SocketProcessor.doRun(NioEndpoint.java:1741)
	at org.apache.tomcat.util.net.SocketProcessorBase.run(SocketProcessorBase.java:52)
	at org.apache.tomcat.util.threads.ThreadPoolExecutor.runWorker(ThreadPoolExecutor.java:1191)
	at org.apache.tomcat.util.threads.ThreadPoolExecutor$Worker.run(ThreadPoolExecutor.java:659)
	at org.apache.tomcat.util.threads.TaskThread$WrappingRunnable.run(TaskThread.java:61)
	at java.base/java.lang.Thread.run(Thread.java:842)
Caused by: java.io.IOException: Cannot delete C:\Users\Administrator\AppData\Local\Temp\tomcat.8080.1081030582236785103\work\Tomcat\localhost\ROOT\upload_4df56ece_e83d_4d0d_a60e_530d639610ed_00000000.tmp
	... 14 common frames omitted

2026-03-08T19:25:35.085+08:00 ERROR 17096 --- [http-nio-8080-exec-1] o.apache.coyote.http11.Http11Processor   : Error processing request

java.io.UncheckedIOException: Cannot delete C:\Users\Administrator\AppData\Local\Temp\tomcat.8080.1081030582236785103\work\Tomcat\localhost\ROOT\upload_4df56ece_e83d_4d0d_a60e_530d639610ed_00000003.tmp
	at org.apache.tomcat.util.http.fileupload.disk.DiskFileItem.delete(DiskFileItem.java:429)
	at org.apache.catalina.core.ApplicationPart.delete(ApplicationPart.java:53)
	at org.apache.catalina.connector.Request.recycle(Request.java:445)
	at org.apache.catalina.connector.CoyoteAdapter.service(CoyoteAdapter.java:419)
	at org.apache.coyote.http11.Http11Processor.service(Http11Processor.java:390)
	at org.apache.coyote.AbstractProcessorLight.process(AbstractProcessorLight.java:63)
	at org.apache.coyote.AbstractProtocol$ConnectionHandler.process(AbstractProtocol.java:894)
	at org.apache.tomcat.util.net.NioEndpoint$SocketProcessor.doRun(NioEndpoint.java:1741)
	at org.apache.tomcat.util.net.SocketProcessorBase.run(SocketProcessorBase.java:52)
	at org.apache.tomcat.util.threads.ThreadPoolExecutor.runWorker(ThreadPoolExecutor.java:1191)
	at org.apache.tomcat.util.threads.ThreadPoolExecutor$Worker.run(ThreadPoolExecutor.java:659)
	at org.apache.tomcat.util.threads.TaskThread$WrappingRunnable.run(TaskThread.java:61)
	at java.base/java.lang.Thread.run(Thread.java:842)
Caused by: java.io.IOException: Cannot delete C:\Users\Administrator\AppData\Local\Temp\tomcat.8080.1081030582236785103\work\Tomcat\localhost\ROOT\upload_4df56ece_e83d_4d0d_a60e_530d639610ed_00000003.tmp
	... 13 common frames omitted

2026-03-08T19:25:35.088+08:00 ERROR 17096 --- [http-nio-8080-exec-1] o.a.coyote.http11.Http11NioProtocol      : Error reading request, ignored

java.io.UncheckedIOException: Cannot delete C:\Users\Administrator\AppData\Local\Temp\tomcat.8080.1081030582236785103\work\Tomcat\localhost\ROOT\upload_4df56ece_e83d_4d0d_a60e_530d639610ed_00000003.tmp
	at org.apache.tomcat.util.http.fileupload.disk.DiskFileItem.delete(DiskFileItem.java:429)
	at org.apache.catalina.core.ApplicationPart.delete(ApplicationPart.java:53)
	at org.apache.catalina.connector.Request.recycle(Request.java:445)
	at org.apache.catalina.connector.CoyoteAdapter.log(CoyoteAdapter.java:492)
	at org.apache.coyote.http11.Http11Processor.service(Http11Processor.java:420)
	at org.apache.coyote.AbstractProcessorLight.process(AbstractProcessorLight.java:63)
	at org.apache.coyote.AbstractProtocol$ConnectionHandler.process(AbstractProtocol.java:894)
	at org.apache.tomcat.util.net.NioEndpoint$SocketProcessor.doRun(NioEndpoint.java:1741)
	at org.apache.tomcat.util.net.SocketProcessorBase.run(SocketProcessorBase.java:52)
	at org.apache.tomcat.util.threads.ThreadPoolExecutor.runWorker(ThreadPoolExecutor.java:1191)
	at org.apache.tomcat.util.threads.ThreadPoolExecutor$Worker.run(ThreadPoolExecutor.java:659)
	at org.apache.tomcat.util.threads.TaskThread$WrappingRunnable.run(TaskThread.java:61)
	at java.base/java.lang.Thread.run(Thread.java:842)
Caused by: java.io.IOException: Cannot delete C:\Users\Administrator\AppData\Local\Temp\tomcat.8080.1081030582236785103\work\Tomcat\localhost\ROOT\upload_4df56ece_e83d_4d0d_a60e_530d639610ed_00000003.tmp
	... 13 common frames omitted

2026-03-08T19:25:35.108+08:00 ERROR 17096 --- [http-nio-8080-exec-1] org.apache.tomcat.util.net.NioEndpoint   : Error running socket processor

java.io.UncheckedIOException: Cannot delete C:\Users\Administrator\AppData\Local\Temp\tomcat.8080.1081030582236785103\work\Tomcat\localhost\ROOT\upload_4df56ece_e83d_4d0d_a60e_530d639610ed_00000003.tmp
	at org.apache.tomcat.util.http.fileupload.disk.DiskFileItem.delete(DiskFileItem.java:429)
	at org.apache.catalina.core.ApplicationPart.delete(ApplicationPart.java:53)
	at org.apache.catalina.connector.Request.recycle(Request.java:445)
	at org.apache.catalina.connector.CoyoteAdapter.log(CoyoteAdapter.java:492)
	at org.apache.catalina.connector.CoyoteAdapter.checkRecycled(CoyoteAdapter.java:515)
	at org.apache.coyote.http11.Http11Processor.recycle(Http11Processor.java:1416)
	at org.apache.coyote.AbstractProtocol$ConnectionHandler.release(AbstractProtocol.java:1083)
	at org.apache.coyote.AbstractProtocol$ConnectionHandler.process(AbstractProtocol.java:1058)
	at org.apache.tomcat.util.net.NioEndpoint$SocketProcessor.doRun(NioEndpoint.java:1741)
	at org.apache.tomcat.util.net.SocketProcessorBase.run(SocketProcessorBase.java:52)
	at org.apache.tomcat.util.threads.ThreadPoolExecutor.runWorker(ThreadPoolExecutor.java:1191)
	at org.apache.tomcat.util.threads.ThreadPoolExecutor$Worker.run(ThreadPoolExecutor.java:659)
	at org.apache.tomcat.util.threads.TaskThread$WrappingRunnable.run(TaskThread.java:61)
	at java.base/java.lang.Thread.run(Thread.java:842)
Caused by: java.io.IOException: Cannot delete C:\Users\Administrator\AppData\Local\Temp\tomcat.8080.1081030582236785103\work\Tomcat\localhost\ROOT\upload_4df56ece_e83d_4d0d_a60e_530d639610ed_00000003.tmp
	... 14 common frames omitted

2026-03-08T19:25:55.373+08:00 ERROR 17096 --- [http-nio-8080-exec-6] o.apache.coyote.http11.Http11Processor   : Error processing request

java.io.UncheckedIOException: Cannot delete C:\Users\Administrator\AppData\Local\Temp\tomcat.8080.1081030582236785103\work\Tomcat\localhost\ROOT\upload_4df56ece_e83d_4d0d_a60e_530d639610ed_00000006.tmp
	at org.apache.tomcat.util.http.fileupload.disk.DiskFileItem.delete(DiskFileItem.java:429)
	at org.apache.catalina.core.ApplicationPart.delete(ApplicationPart.java:53)
	at org.apache.catalina.connector.Request.recycle(Request.java:445)
	at org.apache.catalina.connector.CoyoteAdapter.service(CoyoteAdapter.java:419)
	at org.apache.coyote.http11.Http11Processor.service(Http11Processor.java:390)
	at org.apache.coyote.AbstractProcessorLight.process(AbstractProcessorLight.java:63)
	at org.apache.coyote.AbstractProtocol$ConnectionHandler.process(AbstractProtocol.java:894)
	at org.apache.tomcat.util.net.NioEndpoint$SocketProcessor.doRun(NioEndpoint.java:1741)
	at org.apache.tomcat.util.net.SocketProcessorBase.run(SocketProcessorBase.java:52)
	at org.apache.tomcat.util.threads.ThreadPoolExecutor.runWorker(ThreadPoolExecutor.java:1191)
	at org.apache.tomcat.util.threads.ThreadPoolExecutor$Worker.run(ThreadPoolExecutor.java:659)
	at org.apache.tomcat.util.threads.TaskThread$WrappingRunnable.run(TaskThread.java:61)
	at java.base/java.lang.Thread.run(Thread.java:842)
Caused by: java.io.IOException: Cannot delete C:\Users\Administrator\AppData\Local\Temp\tomcat.8080.1081030582236785103\work\Tomcat\localhost\ROOT\upload_4df56ece_e83d_4d0d_a60e_530d639610ed_00000006.tmp
	... 13 common frames omitted

2026-03-08T19:25:55.377+08:00 ERROR 17096 --- [http-nio-8080-exec-6] o.a.coyote.http11.Http11NioProtocol      : Error reading request, ignored

java.io.UncheckedIOException: Cannot delete C:\Users\Administrator\AppData\Local\Temp\tomcat.8080.1081030582236785103\work\Tomcat\localhost\ROOT\upload_4df56ece_e83d_4d0d_a60e_530d639610ed_00000006.tmp
	at org.apache.tomcat.util.http.fileupload.disk.DiskFileItem.delete(DiskFileItem.java:429)
	at org.apache.catalina.core.ApplicationPart.delete(ApplicationPart.java:53)
	at org.apache.catalina.connector.Request.recycle(Request.java:445)
	at org.apache.catalina.connector.CoyoteAdapter.log(CoyoteAdapter.java:492)
	at org.apache.coyote.http11.Http11Processor.service(Http11Processor.java:420)
	at org.apache.coyote.AbstractProcessorLight.process(AbstractProcessorLight.java:63)
	at org.apache.coyote.AbstractProtocol$ConnectionHandler.process(AbstractProtocol.java:894)
	at org.apache.tomcat.util.net.NioEndpoint$SocketProcessor.doRun(NioEndpoint.java:1741)
	at org.apache.tomcat.util.net.SocketProcessorBase.run(SocketProcessorBase.java:52)
	at org.apache.tomcat.util.threads.ThreadPoolExecutor.runWorker(ThreadPoolExecutor.java:1191)
	at org.apache.tomcat.util.threads.ThreadPoolExecutor$Worker.run(ThreadPoolExecutor.java:659)
	at org.apache.tomcat.util.threads.TaskThread$WrappingRunnable.run(TaskThread.java:61)
	at java.base/java.lang.Thread.run(Thread.java:842)
Caused by: java.io.IOException: Cannot delete C:\Users\Administrator\AppData\Local\Temp\tomcat.8080.1081030582236785103\work\Tomcat\localhost\ROOT\upload_4df56ece_e83d_4d0d_a60e_530d639610ed_00000006.tmp
	... 13 common frames omitted

2026-03-08T19:25:55.381+08:00 ERROR 17096 --- [http-nio-8080-exec-6] org.apache.tomcat.util.net.NioEndpoint   : Error running socket processor

java.io.UncheckedIOException: Cannot delete C:\Users\Administrator\AppData\Local\Temp\tomcat.8080.1081030582236785103\work\Tomcat\localhost\ROOT\upload_4df56ece_e83d_4d0d_a60e_530d639610ed_00000006.tmp
	at org.apache.tomcat.util.http.fileupload.disk.DiskFileItem.delete(DiskFileItem.java:429)
	at org.apache.catalina.core.ApplicationPart.delete(ApplicationPart.java:53)
	at org.apache.catalina.connector.Request.recycle(Request.java:445)
	at org.apache.catalina.connector.CoyoteAdapter.log(CoyoteAdapter.java:492)
	at org.apache.catalina.connector.CoyoteAdapter.checkRecycled(CoyoteAdapter.java:515)
	at org.apache.coyote.http11.Http11Processor.recycle(Http11Processor.java:1416)
	at org.apache.coyote.AbstractProtocol$ConnectionHandler.release(AbstractProtocol.java:1083)
	at org.apache.coyote.AbstractProtocol$ConnectionHandler.process(AbstractProtocol.java:1058)
	at org.apache.tomcat.util.net.NioEndpoint$SocketProcessor.doRun(NioEndpoint.java:1741)
	at org.apache.tomcat.util.net.SocketProcessorBase.run(SocketProcessorBase.java:52)
	at org.apache.tomcat.util.threads.ThreadPoolExecutor.runWorker(ThreadPoolExecutor.java:1191)
	at org.apache.tomcat.util.threads.ThreadPoolExecutor$Worker.run(ThreadPoolExecutor.java:659)
	at org.apache.tomcat.util.threads.TaskThread$WrappingRunnable.run(TaskThread.java:61)
	at java.base/java.lang.Thread.run(Thread.java:842)
Caused by: java.io.IOException: Cannot delete C:\Users\Administrator\AppData\Local\Temp\tomcat.8080.1081030582236785103\work\Tomcat\localhost\ROOT\upload_4df56ece_e83d_4d0d_a60e_530d639610ed_00000006.tmp
	... 14 common frames omitted

2026-03-08T19:26:05.291+08:00 ERROR 17096 --- [http-nio-8080-exec-3] o.apache.coyote.http11.Http11Processor   : Error processing request

java.io.UncheckedIOException: Cannot delete C:\Users\Administrator\AppData\Local\Temp\tomcat.8080.1081030582236785103\work\Tomcat\localhost\ROOT\upload_4df56ece_e83d_4d0d_a60e_530d639610ed_00000009.tmp
	at org.apache.tomcat.util.http.fileupload.disk.DiskFileItem.delete(DiskFileItem.java:429)
	at org.apache.catalina.core.ApplicationPart.delete(ApplicationPart.java:53)
	at org.apache.catalina.connector.Request.recycle(Request.java:445)
	at org.apache.catalina.connector.CoyoteAdapter.service(CoyoteAdapter.java:419)
	at org.apache.coyote.http11.Http11Processor.service(Http11Processor.java:390)
	at org.apache.coyote.AbstractProcessorLight.process(AbstractProcessorLight.java:63)
	at org.apache.coyote.AbstractProtocol$ConnectionHandler.process(AbstractProtocol.java:894)
	at org.apache.tomcat.util.net.NioEndpoint$SocketProcessor.doRun(NioEndpoint.java:1741)
	at org.apache.tomcat.util.net.SocketProcessorBase.run(SocketProcessorBase.java:52)
	at org.apache.tomcat.util.threads.ThreadPoolExecutor.runWorker(ThreadPoolExecutor.java:1191)
	at org.apache.tomcat.util.threads.ThreadPoolExecutor$Worker.run(ThreadPoolExecutor.java:659)
	at org.apache.tomcat.util.threads.TaskThread$WrappingRunnable.run(TaskThread.java:61)
	at java.base/java.lang.Thread.run(Thread.java:842)
Caused by: java.io.IOException: Cannot delete C:\Users\Administrator\AppData\Local\Temp\tomcat.8080.1081030582236785103\work\Tomcat\localhost\ROOT\upload_4df56ece_e83d_4d0d_a60e_530d639610ed_00000009.tmp
	... 13 common frames omitted

2026-03-08T19:26:05.294+08:00 ERROR 17096 --- [http-nio-8080-exec-3] o.a.coyote.http11.Http11NioProtocol      : Error reading request, ignored

java.io.UncheckedIOException: Cannot delete C:\Users\Administrator\AppData\Local\Temp\tomcat.8080.1081030582236785103\work\Tomcat\localhost\ROOT\upload_4df56ece_e83d_4d0d_a60e_530d639610ed_00000009.tmp
	at org.apache.tomcat.util.http.fileupload.disk.DiskFileItem.delete(DiskFileItem.java:429)
	at org.apache.catalina.core.ApplicationPart.delete(ApplicationPart.java:53)
	at org.apache.catalina.connector.Request.recycle(Request.java:445)
	at org.apache.catalina.connector.CoyoteAdapter.log(CoyoteAdapter.java:492)
	at org.apache.coyote.http11.Http11Processor.service(Http11Processor.java:420)
	at org.apache.coyote.AbstractProcessorLight.process(AbstractProcessorLight.java:63)
	at org.apache.coyote.AbstractProtocol$ConnectionHandler.process(AbstractProtocol.java:894)
	at org.apache.tomcat.util.net.NioEndpoint$SocketProcessor.doRun(NioEndpoint.java:1741)
	at org.apache.tomcat.util.net.SocketProcessorBase.run(SocketProcessorBase.java:52)
	at org.apache.tomcat.util.threads.ThreadPoolExecutor.runWorker(ThreadPoolExecutor.java:1191)
	at org.apache.tomcat.util.threads.ThreadPoolExecutor$Worker.run(ThreadPoolExecutor.java:659)
	at org.apache.tomcat.util.threads.TaskThread$WrappingRunnable.run(TaskThread.java:61)
	at java.base/java.lang.Thread.run(Thread.java:842)
Caused by: java.io.IOException: Cannot delete C:\Users\Administrator\AppData\Local\Temp\tomcat.8080.1081030582236785103\work\Tomcat\localhost\ROOT\upload_4df56ece_e83d_4d0d_a60e_530d639610ed_00000009.tmp
	... 13 common frames omitted

2026-03-08T19:26:05.297+08:00 ERROR 17096 --- [http-nio-8080-exec-3] org.apache.tomcat.util.net.NioEndpoint   : Error running socket processor

java.io.UncheckedIOException: Cannot delete C:\Users\Administrator\AppData\Local\Temp\tomcat.8080.1081030582236785103\work\Tomcat\localhost\ROOT\upload_4df56ece_e83d_4d0d_a60e_530d639610ed_00000009.tmp
	at org.apache.tomcat.util.http.fileupload.disk.DiskFileItem.delete(DiskFileItem.java:429)
	at org.apache.catalina.core.ApplicationPart.delete(ApplicationPart.java:53)
	at org.apache.catalina.connector.Request.recycle(Request.java:445)
	at org.apache.catalina.connector.CoyoteAdapter.log(CoyoteAdapter.java:492)
	at org.apache.catalina.connector.CoyoteAdapter.checkRecycled(CoyoteAdapter.java:515)
	at org.apache.coyote.http11.Http11Processor.recycle(Http11Processor.java:1416)
	at org.apache.coyote.AbstractProtocol$ConnectionHandler.release(AbstractProtocol.java:1083)
	at org.apache.coyote.AbstractProtocol$ConnectionHandler.process(AbstractProtocol.java:1058)
	at org.apache.tomcat.util.net.NioEndpoint$SocketProcessor.doRun(NioEndpoint.java:1741)
	at org.apache.tomcat.util.net.SocketProcessorBase.run(SocketProcessorBase.java:52)
	at org.apache.tomcat.util.threads.ThreadPoolExecutor.runWorker(ThreadPoolExecutor.java:1191)
	at org.apache.tomcat.util.threads.ThreadPoolExecutor$Worker.run(ThreadPoolExecutor.java:659)
	at org.apache.tomcat.util.threads.TaskThread$WrappingRunnable.run(TaskThread.java:61)
	at java.base/java.lang.Thread.run(Thread.java:842)
Caused by: java.io.IOException: Cannot delete C:\Users\Administrator\AppData\Local\Temp\tomcat.8080.1081030582236785103\work\Tomcat\localhost\ROOT\upload_4df56ece_e83d_4d0d_a60e_530d639610ed_00000009.tmp
	... 14 common frames omitted

2026-03-08T19:32:19.578+08:00  INFO 15556 --- [main] c.r.ai.AiCustomerServiceApplication      : Starting AiCustomerServiceApplication v0.0.1-SNAPSHOT using Java 17.0.12 with PID 15556 (E:\project\renewableJava\backend\target\ai-customer-service-0.0.1-SNAPSHOT.jar started by Administrator in E:\project\renewableJava\backend)
2026-03-08T19:32:19.587+08:00 DEBUG 15556 --- [main] c.r.ai.AiCustomerServiceApplication      : Running with Spring Boot v3.0.5, Spring v6.0.7
2026-03-08T19:32:19.589+08:00  INFO 15556 --- [main] c.r.ai.AiCustomerServiceApplication      : The following 1 profile is active: "local"
2026-03-08T19:32:22.748+08:00  INFO 15556 --- [main] .s.d.r.c.RepositoryConfigurationDelegate : Bootstrapping Spring Data JPA repositories in DEFAULT mode.
2026-03-08T19:32:22.907+08:00  INFO 15556 --- [main] .s.d.r.c.RepositoryConfigurationDelegate : Finished Spring Data repository scanning in 137 ms. Found 10 JPA repository interfaces.
2026-03-08T19:32:24.704+08:00  INFO 15556 --- [main] o.s.b.w.embedded.tomcat.TomcatWebServer  : Tomcat initialized with port(s): 8080 (http)
2026-03-08T19:32:24.726+08:00  INFO 15556 --- [main] o.apache.catalina.core.StandardService   : Starting service [Tomcat]
2026-03-08T19:32:24.727+08:00  INFO 15556 --- [main] o.apache.catalina.core.StandardEngine    : Starting Servlet engine: [Apache Tomcat/10.1.7]
2026-03-08T19:32:24.929+08:00  INFO 15556 --- [main] o.a.c.c.C.[Tomcat].[localhost].[/]       : Initializing Spring embedded WebApplicationContext
2026-03-08T19:32:24.931+08:00  INFO 15556 --- [main] w.s.c.ServletWebServerApplicationContext : Root WebApplicationContext: initialization completed in 5185 ms
2026-03-08T19:32:25.416+08:00  INFO 15556 --- [main] com.zaxxer.hikari.HikariDataSource       : HikariPool-1 - Starting...
2026-03-08T19:32:26.189+08:00  INFO 15556 --- [main] com.zaxxer.hikari.pool.HikariPool        : HikariPool-1 - Added connection conn0: url=jdbc:h2:mem:testdb user=SA
2026-03-08T19:32:26.193+08:00  INFO 15556 --- [main] com.zaxxer.hikari.HikariDataSource       : HikariPool-1 - Start completed.
2026-03-08T19:32:26.359+08:00  INFO 15556 --- [main] o.s.b.a.h2.H2ConsoleAutoConfiguration    : H2 console available at '/h2-console'. Database available at 'jdbc:h2:mem:testdb'
2026-03-08T19:32:27.160+08:00  INFO 15556 --- [main] o.hibernate.jpa.internal.util.LogHelper  : HHH000204: Processing PersistenceUnitInfo [name: default]
2026-03-08T19:32:27.297+08:00  INFO 15556 --- [main] org.hibernate.Version                    : HHH000412: Hibernate ORM core version 6.1.7.Final
2026-03-08T19:32:28.070+08:00  INFO 15556 --- [main] SQL dialect                              : HHH000400: Using dialect: org.hibernate.dialect.H2Dialect
2026-03-08T19:32:30.084+08:00  INFO 15556 --- [main] o.h.e.t.j.p.i.JtaPlatformInitiator       : HHH000490: Using JtaPlatform implementation: [org.hibernate.engine.transaction.jta.platform.internal.NoJtaPlatform]
2026-03-08T19:32:30.098+08:00  INFO 15556 --- [main] j.LocalContainerEntityManagerFactoryBean : Initialized JPA EntityManagerFactory for persistence unit 'default'
2026-03-08T19:32:33.347+08:00  WARN 15556 --- [main] JpaBaseConfiguration$JpaWebConfiguration : spring.jpa.open-in-view is enabled by default. Therefore, database queries may be performed during view rendering. Explicitly configure spring.jpa.open-in-view to disable this warning
2026-03-08T19:32:34.890+08:00  INFO 15556 --- [main] o.s.b.a.e.web.EndpointLinksResolver      : Exposing 1 endpoint(s) beneath base path ''
2026-03-08T19:32:35.049+08:00  WARN 15556 --- [main] ConfigServletWebServerApplicationContext : Exception encountered during context initialization - cancelling refresh attempt: org.springframework.context.ApplicationContextException: Failed to start bean 'webServerStartStop'
2026-03-08T19:32:35.057+08:00  INFO 15556 --- [main] j.LocalContainerEntityManagerFactoryBean : Closing JPA EntityManagerFactory for persistence unit 'default'
2026-03-08T19:32:35.063+08:00  INFO 15556 --- [main] com.zaxxer.hikari.HikariDataSource       : HikariPool-1 - Shutdown initiated...
2026-03-08T19:32:35.068+08:00  INFO 15556 --- [main] com.zaxxer.hikari.HikariDataSource       : HikariPool-1 - Shutdown completed.
2026-03-08T19:32:35.072+08:00  INFO 15556 --- [main] o.apache.catalina.core.StandardService   : Stopping service [Tomcat]
2026-03-08T19:32:35.122+08:00  INFO 15556 --- [main] .s.b.a.l.ConditionEvaluationReportLogger : 

Error starting ApplicationContext. To display the condition evaluation report re-run your application with 'debug' enabled.
2026-03-08T19:32:35.170+08:00 ERROR 15556 --- [main] o.s.b.d.LoggingFailureAnalysisReporter   : 

***************************
APPLICATION FAILED TO START
***************************

Description:

Web server failed to start. Port 8080 was already in use.

Action:

Identify and stop the process that's listening on port 8080 or configure this application to listen on another port.

2026-03-08T20:38:26.637+08:00  INFO 17096 --- [SpringApplicationShutdownHook] j.LocalContainerEntityManagerFactoryBean : Closing JPA EntityManagerFactory for persistence unit 'default'
2026-03-08T20:38:26.651+08:00  INFO 17096 --- [SpringApplicationShutdownHook] .SchemaDropperImpl$DelayedDropActionImpl : HHH000477: Starting delayed evictData of schema as part of SessionFactory shut-down'
2026-03-08T20:38:26.792+08:00  INFO 17096 --- [SpringApplicationShutdownHook] com.zaxxer.hikari.HikariDataSource       : HikariPool-1 - Shutdown initiated...
2026-03-08T20:38:26.801+08:00  INFO 17096 --- [SpringApplicationShutdownHook] com.zaxxer.hikari.HikariDataSource       : HikariPool-1 - Shutdown completed.
