[WARNING] 
[WARNING] Some problems were encountered while building the effective settings
[WARNING] Unrecognised tag: 'repositories' (position: START_TAG seen ...</localRepository> \r\n  <repositories>... @7:17)  @ D:\config\apache-maven-3.9.6\conf\settings.xml, line 7, column 17
[WARNING] Unrecognised tag: 'repositories' (position: START_TAG seen ...</localRepository> \r\n  <repositories>... @7:17)  @ C:\Users\Administrator\.m2\settings.xml, line 7, column 17
[WARNING] 
[INFO] Scanning for projects...
[INFO] 
[INFO] -----------------< com.renewable:ai-customer-service >------------------
[INFO] Building ai-customer-service 0.0.1-SNAPSHOT
[INFO]   from pom.xml
[INFO] --------------------------------[ jar ]---------------------------------
[INFO] 
[INFO] >>> spring-boot:3.0.5:run (default-cli) > test-compile @ ai-customer-service >>>
[INFO] 
[INFO] --- resources:3.3.0:resources (default-resources) @ ai-customer-service ---
[INFO] Copying 2 resources
[INFO] Copying 1 resource
[INFO] 
[INFO] --- compiler:3.10.1:compile (default-compile) @ ai-customer-service ---
[INFO] Nothing to compile - all classes are up to date
[INFO] 
[INFO] --- resources:3.3.0:testResources (default-testResources) @ ai-customer-service ---
[INFO] skip non existing resourceDirectory D:\project\renewableJava\backend\src\test\resources
[INFO] 
[INFO] --- compiler:3.10.1:testCompile (default-testCompile) @ ai-customer-service ---
[INFO] Nothing to compile - all classes are up to date
[INFO] 
[INFO] <<< spring-boot:3.0.5:run (default-cli) < test-compile @ ai-customer-service <<<
[INFO] 
[INFO] 
[INFO] --- spring-boot:3.0.5:run (default-cli) @ ai-customer-service ---
[INFO] Attaching agents: []

  .   ____          _            __ _ _
 /\\ / ___'_ __ _ _(_)_ __  __ _ \ \ \ \
( ( )\___ | '_ | '_| | '_ \/ _` | \ \ \ \
 \\/  ___)| |_)| | | | | || (_| |  ) ) ) )
  '  |____| .__|_| |_|_| |_\__, | / / / /
 =========|_|==============|___/=/_/_/_/
 :: Spring Boot ::                (v3.0.5)

2026-02-22T13:24:54.820+08:00  INFO 7180 --- [           main] c.r.ai.AiCustomerServiceApplication      : Starting AiCustomerServiceApplication using Java 17.0.18 with PID 7180 (D:\project\renewableJava\backend\target\classes started by Administrator in D:\project\renewableJava\backend)
2026-02-22T13:24:54.835+08:00 DEBUG 7180 --- [           main] c.r.ai.AiCustomerServiceApplication      : Running with Spring Boot v3.0.5, Spring v6.0.7
2026-02-22T13:24:54.836+08:00  INFO 7180 --- [           main] c.r.ai.AiCustomerServiceApplication      : The following 1 profile is active: "local"
2026-02-22T13:24:56.283+08:00  INFO 7180 --- [           main] .s.d.r.c.RepositoryConfigurationDelegate : Bootstrapping Spring Data JPA repositories in DEFAULT mode.
2026-02-22T13:24:56.442+08:00  INFO 7180 --- [           main] .s.d.r.c.RepositoryConfigurationDelegate : Finished Spring Data repository scanning in 142 ms. Found 9 JPA repository interfaces.
2026-02-22T13:24:57.677+08:00  INFO 7180 --- [           main] o.s.b.w.embedded.tomcat.TomcatWebServer  : Tomcat initialized with port(s): 8080 (http)
2026-02-22T13:24:57.698+08:00  INFO 7180 --- [           main] o.apache.catalina.core.StandardService   : Starting service [Tomcat]
2026-02-22T13:24:57.698+08:00  INFO 7180 --- [           main] o.apache.catalina.core.StandardEngine    : Starting Servlet engine: [Apache Tomcat/10.1.7]
2026-02-22T13:24:57.999+08:00  INFO 7180 --- [           main] o.a.c.c.C.[Tomcat].[localhost].[/]       : Initializing Spring embedded WebApplicationContext
2026-02-22T13:24:58.000+08:00  INFO 7180 --- [           main] w.s.c.ServletWebServerApplicationContext : Root WebApplicationContext: initialization completed in 3114 ms
2026-02-22T13:24:58.115+08:00  INFO 7180 --- [           main] com.zaxxer.hikari.HikariDataSource       : HikariPool-1 - Starting...
2026-02-22T13:24:58.389+08:00  INFO 7180 --- [           main] com.zaxxer.hikari.pool.HikariPool        : HikariPool-1 - Added connection conn0: url=jdbc:h2:mem:testdb user=SA
2026-02-22T13:24:58.394+08:00  INFO 7180 --- [           main] com.zaxxer.hikari.HikariDataSource       : HikariPool-1 - Start completed.
2026-02-22T13:24:58.409+08:00  INFO 7180 --- [           main] o.s.b.a.h2.H2ConsoleAutoConfiguration    : H2 console available at '/h2-console'. Database available at 'jdbc:h2:mem:testdb'
2026-02-22T13:24:58.639+08:00  INFO 7180 --- [           main] o.hibernate.jpa.internal.util.LogHelper  : HHH000204: Processing PersistenceUnitInfo [name: default]
2026-02-22T13:24:58.710+08:00  INFO 7180 --- [           main] org.hibernate.Version                    : HHH000412: Hibernate ORM core version 6.1.7.Final
2026-02-22T13:24:59.067+08:00  INFO 7180 --- [           main] SQL dialect                              : HHH000400: Using dialect: org.hibernate.dialect.PostgreSQLDialect
Hibernate: create table ai_chat_messages (id bigserial not null, content TEXT not null, created_at timestamp(6), is_read boolean, msg_type varchar(255), sender_type varchar(255) not null, session_id varchar(255), primary key (id))
Hibernate: create table ai_chat_sessions (id varchar(255) not null, created_at timestamp(6), user_id bigint, primary key (id))
Hibernate: create table ai_knowledge_base (id bigserial not null, answer TEXT not null, category varchar(255), created_at timestamp(6), is_active boolean, question varchar(255) not null, updated_at timestamp(6), primary key (id))
Hibernate: create table biz_fleets (id bigserial not null, created_at timestamp(6), manager_id bigint, name varchar(255) not null, primary key (id))
Hibernate: create table biz_order_photos (id bigserial not null, file_url varchar(255) not null, gps_lat numeric(38,2), gps_lon numeric(38,2), is_watermarked boolean, node_type varchar(255) not null, order_id bigint, taken_at timestamp(6), primary key (id))
Hibernate: create table biz_orders (id bigserial not null, created_at timestamp(6), creator_id bigint, driver_id bigint, est_volume numeric(38,2), est_weight numeric(38,2), fleet_id bigint, order_no varchar(255) not null, pickup_address varchar(255) not null, pickup_lat numeric(38,2), pickup_lon numeric(38,2), station_id bigint, status integer, type integer, updated_at timestamp(6), vehicle_id bigint, waste_desc varchar(255), waste_type varchar(255), primary key (id))
Hibernate: create table biz_stations (id bigserial not null, address varchar(255), created_at timestamp(6), lat numeric(38,2), lon numeric(38,2), manager_id bigint, name varchar(255) not null, region_code varchar(255), type integer not null, primary key (id))
Hibernate: create table biz_vehicles (id bigserial not null, created_at timestamp(6), fleet_id bigint, load_capacity numeric(38,2), plate_no varchar(255) not null, status integer, type varchar(255), primary key (id))
Hibernate: create table sys_users (id bigserial not null, avatar_url varchar(255), created_at timestamp(6), fleet_id bigint, password_hash varchar(255) not null, phone varchar(255) not null, role varchar(255) not null, status integer, updated_at timestamp(6), username varchar(255) not null, primary key (id))
Hibernate: alter table biz_orders drop constraint UK_iaunuyk56s9o3oyptgn9bwhbd
Hibernate: alter table biz_orders add constraint UK_iaunuyk56s9o3oyptgn9bwhbd unique (order_no)
Hibernate: alter table biz_vehicles drop constraint UK_m54nqgiogu8343buseypr8oe0
Hibernate: alter table biz_vehicles add constraint UK_m54nqgiogu8343buseypr8oe0 unique (plate_no)
Hibernate: alter table sys_users drop constraint UK_s4nqdfyf0h2awff2g1vp7g7co
Hibernate: alter table sys_users add constraint UK_s4nqdfyf0h2awff2g1vp7g7co unique (phone)
Hibernate: alter table sys_users drop constraint UK_lgllb14jd9kcm09b9enkkbh0q
Hibernate: alter table sys_users add constraint UK_lgllb14jd9kcm09b9enkkbh0q unique (username)
2026-02-22T13:25:00.303+08:00  INFO 7180 --- [           main] o.h.e.t.j.p.i.JtaPlatformInitiator       : HHH000490: Using JtaPlatform implementation: [org.hibernate.engine.transaction.jta.platform.internal.NoJtaPlatform]
2026-02-22T13:25:00.313+08:00  INFO 7180 --- [           main] j.LocalContainerEntityManagerFactoryBean : Initialized JPA EntityManagerFactory for persistence unit 'default'
2026-02-22T13:25:01.692+08:00  WARN 7180 --- [           main] JpaBaseConfiguration$JpaWebConfiguration : spring.jpa.open-in-view is enabled by default. Therefore, database queries may be performed during view rendering. Explicitly configure spring.jpa.open-in-view to disable this warning
2026-02-22T13:25:02.377+08:00  INFO 7180 --- [           main] o.s.b.a.e.web.EndpointLinksResolver      : Exposing 1 endpoint(s) beneath base path ''
2026-02-22T13:25:02.650+08:00  INFO 7180 --- [           main] o.s.b.w.embedded.tomcat.TomcatWebServer  : Tomcat started on port(s): 8080 (http) with context path ''
2026-02-22T13:25:02.666+08:00  INFO 7180 --- [           main] c.r.ai.AiCustomerServiceApplication      : Started AiCustomerServiceApplication in 8.483 seconds (process running for 8.978)
Hibernate: select u1_0.id,u1_0.avatar_url,u1_0.created_at,u1_0.fleet_id,u1_0.password_hash,u1_0.phone,u1_0.role,u1_0.status,u1_0.updated_at,u1_0.username from sys_users u1_0 where u1_0.username=?
Hibernate: insert into sys_users (avatar_url, created_at, fleet_id, password_hash, phone, role, status, updated_at, username) values (?, ?, ?, ?, ?, ?, ?, ?, ?)
Initialized Admin User: admin / admin123
Hibernate: select u1_0.id,u1_0.avatar_url,u1_0.created_at,u1_0.fleet_id,u1_0.password_hash,u1_0.phone,u1_0.role,u1_0.status,u1_0.updated_at,u1_0.username from sys_users u1_0 where u1_0.username=?
Hibernate: insert into sys_users (avatar_url, created_at, fleet_id, password_hash, phone, role, status, updated_at, username) values (?, ?, ?, ?, ?, ?, ?, ?, ?)
Initialized Fleet Driver: driver1 / 123456 (Fleet 1)
Hibernate: select u1_0.id,u1_0.avatar_url,u1_0.created_at,u1_0.fleet_id,u1_0.password_hash,u1_0.phone,u1_0.role,u1_0.status,u1_0.updated_at,u1_0.username from sys_users u1_0 where u1_0.username=?
Hibernate: insert into sys_users (avatar_url, created_at, fleet_id, password_hash, phone, role, status, updated_at, username) values (?, ?, ?, ?, ?, ?, ?, ?, ?)
Initialized Freelance Driver: driver2 / 123456
Hibernate: select u1_0.id,u1_0.avatar_url,u1_0.created_at,u1_0.fleet_id,u1_0.password_hash,u1_0.phone,u1_0.role,u1_0.status,u1_0.updated_at,u1_0.username from sys_users u1_0 where u1_0.username=?
Hibernate: insert into sys_users (avatar_url, created_at, fleet_id, password_hash, phone, role, status, updated_at, username) values (?, ?, ?, ?, ?, ?, ?, ?, ?)
Initialized Station Admin: station1 / 123456
Hibernate: select u1_0.id,u1_0.avatar_url,u1_0.created_at,u1_0.fleet_id,u1_0.password_hash,u1_0.phone,u1_0.role,u1_0.status,u1_0.updated_at,u1_0.username from sys_users u1_0 where u1_0.username=?
Hibernate: insert into sys_users (avatar_url, created_at, fleet_id, password_hash, phone, role, status, updated_at, username) values (?, ?, ?, ?, ?, ?, ?, ?, ?)
Initialized Individual User: user1 / 123456
Hibernate: select u1_0.id,u1_0.avatar_url,u1_0.created_at,u1_0.fleet_id,u1_0.password_hash,u1_0.phone,u1_0.role,u1_0.status,u1_0.updated_at,u1_0.username from sys_users u1_0 where u1_0.username=?
Hibernate: insert into sys_users (avatar_url, created_at, fleet_id, password_hash, phone, role, status, updated_at, username) values (?, ?, ?, ?, ?, ?, ?, ?, ?)
Initialized Property Manager: prop1 / 123456
Hibernate: select count(*) from biz_stations s1_0
Hibernate: insert into biz_stations (address, created_at, lat, lon, manager_id, name, region_code, type) values (?, ?, ?, ?, ?, ?, ?, ?)
Hibernate: insert into biz_stations (address, created_at, lat, lon, manager_id, name, region_code, type) values (?, ?, ?, ?, ?, ?, ?, ?)
Initialized Stations
Hibernate: select count(*) from biz_fleets f1_0
Hibernate: insert into biz_fleets (created_at, manager_id, name) values (?, ?, ?)
Hibernate: insert into biz_vehicles (created_at, fleet_id, load_capacity, plate_no, status, type) values (?, ?, ?, ?, ?, ?)
Initialized Fleet & Vehicle
Hibernate: select count(*) from ai_knowledge_base k1_0
Hibernate: insert into ai_knowledge_base (answer, category, created_at, is_active, question, updated_at) values (?, ?, ?, ?, ?, ?)
Hibernate: insert into ai_knowledge_base (answer, category, created_at, is_active, question, updated_at) values (?, ?, ?, ?, ?, ?)
Initialized Knowledge Base
2026-02-22T13:27:07.565+08:00  INFO 7180 --- [nio-8080-exec-1] o.a.c.c.C.[Tomcat].[localhost].[/]       : Initializing Spring DispatcherServlet 'dispatcherServlet'
2026-02-22T13:27:07.566+08:00  INFO 7180 --- [nio-8080-exec-1] o.s.web.servlet.DispatcherServlet        : Initializing Servlet 'dispatcherServlet'
2026-02-22T13:27:07.567+08:00  INFO 7180 --- [nio-8080-exec-1] o.s.web.servlet.DispatcherServlet        : Completed initialization in 0 ms
Hibernate: select u1_0.id,u1_0.avatar_url,u1_0.created_at,u1_0.fleet_id,u1_0.password_hash,u1_0.phone,u1_0.role,u1_0.status,u1_0.updated_at,u1_0.username from sys_users u1_0 where u1_0.username=?
Hibernate: select u1_0.id,u1_0.avatar_url,u1_0.created_at,u1_0.fleet_id,u1_0.password_hash,u1_0.phone,u1_0.role,u1_0.status,u1_0.updated_at,u1_0.username from sys_users u1_0 where u1_0.username=?
Hibernate: select u1_0.id,u1_0.avatar_url,u1_0.created_at,u1_0.fleet_id,u1_0.password_hash,u1_0.phone,u1_0.role,u1_0.status,u1_0.updated_at,u1_0.username from sys_users u1_0 where u1_0.username=?
Hibernate: select u1_0.id,u1_0.avatar_url,u1_0.created_at,u1_0.fleet_id,u1_0.password_hash,u1_0.phone,u1_0.role,u1_0.status,u1_0.updated_at,u1_0.username from sys_users u1_0 where u1_0.username=?
Hibernate: insert into sys_users (avatar_url, created_at, fleet_id, password_hash, phone, role, status, updated_at, username) values (?, ?, ?, ?, ?, ?, ?, ?, ?)
Hibernate: select u1_0.id,u1_0.avatar_url,u1_0.created_at,u1_0.fleet_id,u1_0.password_hash,u1_0.phone,u1_0.role,u1_0.status,u1_0.updated_at,u1_0.username from sys_users u1_0 where u1_0.username=?
Hibernate: select o1_0.id,o1_0.created_at,o1_0.creator_id,o1_0.driver_id,o1_0.est_volume,o1_0.est_weight,o1_0.fleet_id,o1_0.order_no,o1_0.pickup_address,o1_0.pickup_lat,o1_0.pickup_lon,o1_0.station_id,o1_0.status,o1_0.type,o1_0.updated_at,o1_0.vehicle_id,o1_0.waste_desc,o1_0.waste_type from biz_orders o1_0 where o1_0.creator_id=?
Hibernate: select a1_0.id,a1_0.created_at,a1_0.user_id from ai_chat_sessions a1_0 where a1_0.user_id=? order by a1_0.created_at desc
Hibernate: select a1_0.id,a1_0.created_at,a1_0.user_id from ai_chat_sessions a1_0 where a1_0.id=?
Hibernate: insert into ai_chat_sessions (created_at, user_id, id) values (?, ?, ?)
Hibernate: select o1_0.id,o1_0.created_at,o1_0.creator_id,o1_0.driver_id,o1_0.est_volume,o1_0.est_weight,o1_0.fleet_id,o1_0.order_no,o1_0.pickup_address,o1_0.pickup_lat,o1_0.pickup_lon,o1_0.station_id,o1_0.status,o1_0.type,o1_0.updated_at,o1_0.vehicle_id,o1_0.waste_desc,o1_0.waste_type from biz_orders o1_0 where o1_0.creator_id=?
Hibernate: select o1_0.id,o1_0.created_at,o1_0.creator_id,o1_0.driver_id,o1_0.est_volume,o1_0.est_weight,o1_0.fleet_id,o1_0.order_no,o1_0.pickup_address,o1_0.pickup_lat,o1_0.pickup_lon,o1_0.station_id,o1_0.status,o1_0.type,o1_0.updated_at,o1_0.vehicle_id,o1_0.waste_desc,o1_0.waste_type from biz_orders o1_0 where o1_0.creator_id=?
Hibernate: select u1_0.id,u1_0.avatar_url,u1_0.created_at,u1_0.fleet_id,u1_0.password_hash,u1_0.phone,u1_0.role,u1_0.status,u1_0.updated_at,u1_0.username from sys_users u1_0 where u1_0.username=?
Hibernate: select o1_0.id,o1_0.created_at,o1_0.creator_id,o1_0.driver_id,o1_0.est_volume,o1_0.est_weight,o1_0.fleet_id,o1_0.order_no,o1_0.pickup_address,o1_0.pickup_lat,o1_0.pickup_lon,o1_0.station_id,o1_0.status,o1_0.type,o1_0.updated_at,o1_0.vehicle_id,o1_0.waste_desc,o1_0.waste_type from biz_orders o1_0 where o1_0.creator_id=?
Hibernate: insert into biz_orders (created_at, creator_id, driver_id, est_volume, est_weight, fleet_id, order_no, pickup_address, pickup_lat, pickup_lon, station_id, status, type, updated_at, vehicle_id, waste_desc, waste_type) values (?, ?, ?, ?, ?, ?, ?, ?, ?, ?, ?, ?, ?, ?, ?, ?, ?)
Hibernate: select o1_0.id,o1_0.created_at,o1_0.creator_id,o1_0.driver_id,o1_0.est_volume,o1_0.est_weight,o1_0.fleet_id,o1_0.order_no,o1_0.pickup_address,o1_0.pickup_lat,o1_0.pickup_lon,o1_0.station_id,o1_0.status,o1_0.type,o1_0.updated_at,o1_0.vehicle_id,o1_0.waste_desc,o1_0.waste_type from biz_orders o1_0 where o1_0.creator_id=?
Hibernate: select o1_0.id,o1_0.created_at,o1_0.creator_id,o1_0.driver_id,o1_0.est_volume,o1_0.est_weight,o1_0.fleet_id,o1_0.order_no,o1_0.pickup_address,o1_0.pickup_lat,o1_0.pickup_lon,o1_0.station_id,o1_0.status,o1_0.type,o1_0.updated_at,o1_0.vehicle_id,o1_0.waste_desc,o1_0.waste_type from biz_orders o1_0 where o1_0.creator_id=?
Hibernate: select u1_0.id,u1_0.avatar_url,u1_0.created_at,u1_0.fleet_id,u1_0.password_hash,u1_0.phone,u1_0.role,u1_0.status,u1_0.updated_at,u1_0.username from sys_users u1_0 where u1_0.username=?
Hibernate: select o1_0.id,o1_0.created_at,o1_0.creator_id,o1_0.driver_id,o1_0.est_volume,o1_0.est_weight,o1_0.fleet_id,o1_0.order_no,o1_0.pickup_address,o1_0.pickup_lat,o1_0.pickup_lon,o1_0.station_id,o1_0.status,o1_0.type,o1_0.updated_at,o1_0.vehicle_id,o1_0.waste_desc,o1_0.waste_type from biz_orders o1_0 where o1_0.creator_id=?
Hibernate: insert into biz_orders (created_at, creator_id, driver_id, est_volume, est_weight, fleet_id, order_no, pickup_address, pickup_lat, pickup_lon, station_id, status, type, updated_at, vehicle_id, waste_desc, waste_type) values (?, ?, ?, ?, ?, ?, ?, ?, ?, ?, ?, ?, ?, ?, ?, ?, ?)
Hibernate: select o1_0.id,o1_0.created_at,o1_0.creator_id,o1_0.driver_id,o1_0.est_volume,o1_0.est_weight,o1_0.fleet_id,o1_0.order_no,o1_0.pickup_address,o1_0.pickup_lat,o1_0.pickup_lon,o1_0.station_id,o1_0.status,o1_0.type,o1_0.updated_at,o1_0.vehicle_id,o1_0.waste_desc,o1_0.waste_type from biz_orders o1_0 where o1_0.creator_id=?
Hibernate: select u1_0.id,u1_0.avatar_url,u1_0.created_at,u1_0.fleet_id,u1_0.password_hash,u1_0.phone,u1_0.role,u1_0.status,u1_0.updated_at,u1_0.username from sys_users u1_0 where u1_0.username=?
Hibernate: insert into sys_users (avatar_url, created_at, fleet_id, password_hash, phone, role, status, updated_at, username) values (?, ?, ?, ?, ?, ?, ?, ?, ?)
Hibernate: select u1_0.id,u1_0.avatar_url,u1_0.created_at,u1_0.fleet_id,u1_0.password_hash,u1_0.phone,u1_0.role,u1_0.status,u1_0.updated_at,u1_0.username from sys_users u1_0 where u1_0.username=?
Hibernate: select o1_0.id,o1_0.created_at,o1_0.creator_id,o1_0.driver_id,o1_0.est_volume,o1_0.est_weight,o1_0.fleet_id,o1_0.order_no,o1_0.pickup_address,o1_0.pickup_lat,o1_0.pickup_lon,o1_0.station_id,o1_0.status,o1_0.type,o1_0.updated_at,o1_0.vehicle_id,o1_0.waste_desc,o1_0.waste_type from biz_orders o1_0 where o1_0.creator_id=?
Hibernate: select o1_0.id,o1_0.created_at,o1_0.creator_id,o1_0.driver_id,o1_0.est_volume,o1_0.est_weight,o1_0.fleet_id,o1_0.order_no,o1_0.pickup_address,o1_0.pickup_lat,o1_0.pickup_lon,o1_0.station_id,o1_0.status,o1_0.type,o1_0.updated_at,o1_0.vehicle_id,o1_0.waste_desc,o1_0.waste_type from biz_orders o1_0 where o1_0.creator_id=?
Hibernate: select o1_0.id,o1_0.created_at,o1_0.creator_id,o1_0.driver_id,o1_0.est_volume,o1_0.est_weight,o1_0.fleet_id,o1_0.order_no,o1_0.pickup_address,o1_0.pickup_lat,o1_0.pickup_lon,o1_0.station_id,o1_0.status,o1_0.type,o1_0.updated_at,o1_0.vehicle_id,o1_0.waste_desc,o1_0.waste_type from biz_orders o1_0 where o1_0.creator_id=?
Hibernate: select a1_0.id,a1_0.created_at,a1_0.user_id from ai_chat_sessions a1_0 where a1_0.user_id=? order by a1_0.created_at desc
Hibernate: select a1_0.id,a1_0.content,a1_0.created_at,a1_0.is_read,a1_0.msg_type,a1_0.sender_type,a1_0.session_id from ai_chat_messages a1_0 where a1_0.session_id=? order by a1_0.created_at asc
Hibernate: select o1_0.id,o1_0.created_at,o1_0.creator_id,o1_0.driver_id,o1_0.est_volume,o1_0.est_weight,o1_0.fleet_id,o1_0.order_no,o1_0.pickup_address,o1_0.pickup_lat,o1_0.pickup_lon,o1_0.station_id,o1_0.status,o1_0.type,o1_0.updated_at,o1_0.vehicle_id,o1_0.waste_desc,o1_0.waste_type from biz_orders o1_0 where o1_0.creator_id=?
Hibernate: insert into biz_orders (created_at, creator_id, driver_id, est_volume, est_weight, fleet_id, order_no, pickup_address, pickup_lat, pickup_lon, station_id, status, type, updated_at, vehicle_id, waste_desc, waste_type) values (?, ?, ?, ?, ?, ?, ?, ?, ?, ?, ?, ?, ?, ?, ?, ?, ?)
Hibernate: select o1_0.id,o1_0.created_at,o1_0.creator_id,o1_0.driver_id,o1_0.est_volume,o1_0.est_weight,o1_0.fleet_id,o1_0.order_no,o1_0.pickup_address,o1_0.pickup_lat,o1_0.pickup_lon,o1_0.station_id,o1_0.status,o1_0.type,o1_0.updated_at,o1_0.vehicle_id,o1_0.waste_desc,o1_0.waste_type from biz_orders o1_0 where o1_0.creator_id=?
^C